This file contains any messages produced by compilers while
running configure, to aid debugging if configure makes a mistake.

It was created by Protocol Buffers configure 3.7.0, which was
generated by GNU Autoconf 2.69.  Invocation command line was

  $ ./configure --disable-shared

## --------- ##
## Platform. ##
## --------- ##

hostname = DESKTOP-O7AGAIP
uname -m = x86_64
uname -r = 3.4.7.x86_64
uname -s = MINGW64_NT-10.0-19045
uname -v = 2023-07-14 16:57 UTC

/usr/bin/uname -p = unknown
/bin/uname -X     = unknown

/bin/arch              = x86_64
/usr/bin/arch -k       = unknown
/usr/convex/getsysinfo = unknown
/usr/bin/hostinfo      = unknown
/bin/machine           = unknown
/usr/bin/oslevel       = unknown
/bin/universe          = unknown

PATH: /mingw64/bin
PATH: /usr/local/bin
PATH: /usr/bin
PATH: /bin
PATH: /c/Windows/System32
PATH: /c/Windows
PATH: /c/Windows/System32/Wbem
PATH: /c/Windows/System32/WindowsPowerShell/v1.0/
PATH: /usr/bin/site_perl
PATH: /usr/bin/vendor_perl
PATH: /usr/bin/core_perl


## ----------- ##
## Core tests. ##
## ----------- ##

configure:2523: loading site script /etc/config.site
| # This file is in public domain.
| # Original author: Karlson2k (Evgeny Grin)
| # Written for MSys2 to help running 'configure' scripts
| 
| # Defaults for MSys2/MinGW64-targeted programs
| 
| # Set proper selfname on bash and fallback to default name on other shells
| test -n "${BASH_SOURCE}" 2>/dev/null && config_site_me="${BASH_SOURCE[0]##*/}" || config_site_me=config.site
| 
| # Set default 'host' to speedup configure
| if test -z "$build_alias"; then
|   build_alias="${MSYSTEM_CHOST}"  && \
|     ${as_echo-echo} "$config_site_me:${as_lineno-$LINENO}: default build_alias set to $build_alias" >&5
| fi
| 
| # Set default 'prefix'
| if ( test -z "$prefix" || test "x$prefix" = "xNONE" ) && \
|     ( test -z "$exec_prefix" || test "x$exec_prefix" = "xNONE" ); then
|   prefix="${MSYSTEM_PREFIX}" && \
|     ${as_echo-echo} "$config_site_me:${as_lineno-$LINENO}: default prefix set to $prefix" >&5
| fi
config.site:13: default build_alias set to x86_64-w64-mingw32
config.site:20: default prefix set to /mingw64
configure:2621: checking whether to enable maintainer-specific portions of Makefiles
configure:2630: result: yes
configure:2705: checking build system type
configure:2719: result: x86_64-w64-mingw32
configure:2739: checking host system type
configure:2752: result: x86_64-w64-mingw32
configure:2772: checking target system type
configure:2785: result: x86_64-w64-mingw32
configure:2828: checking for a BSD-compatible install
configure:2896: result: /usr/bin/install -c
configure:2907: checking whether build environment is sane
configure:2962: result: yes
configure:3113: checking for a thread-safe mkdir -p
configure:3152: result: /usr/bin/mkdir -p
configure:3159: checking for gawk
configure:3175: found /usr/bin/gawk
configure:3186: result: gawk
configure:3197: checking whether make sets $(MAKE)
configure:3223: result: no
configure:3248: checking whether make supports nested variables
configure:3265: result: no
configure:3354: checking whether UID '197609' is supported by ustar format
configure:3357: result: yes
configure:3364: checking whether GID '197121' is supported by ustar format
configure:3367: result: yes
configure:3375: checking how to create a ustar tar archive
configure:3386: tar --version
tar (GNU tar) 1.34
Copyright (C) 2021 Free Software Foundation, Inc.
License GPLv3+: GNU GPL version 3 or later <https://gnu.org/licenses/gpl.html>.
This is free software: you are free to change and redistribute it.
There is NO WARRANTY, to the extent permitted by law.

Written by John Gilmore and Jay Fenlason.
configure:3389: $? = 0
configure:3429: tardir=conftest.dir && eval tar --format=ustar -chf - "$tardir" >conftest.tar
configure:3432: $? = 0
configure:3436: tar -xf - <conftest.tar
configure:3439: $? = 0
configure:3441: cat conftest.dir/file
GrepMe
configure:3444: $? = 0
configure:3457: result: gnutar
configure:3589: checking for gcc
configure:3605: found /mingw64/bin/gcc
configure:3616: result: gcc
configure:3845: checking for C compiler version
configure:3854: gcc --version >&5
gcc.exe (x86_64-posix-seh-rev4, Built by MinGW-W64 project) 4.8.2
Copyright (C) 2013 Free Software Foundation, Inc.
This is free software; see the source for copying conditions.  There is NO
warranty; not even for MERCHANTABILITY or FITNESS FOR A PARTICULAR PURPOSE.

configure:3865: $? = 0
configure:3854: gcc -v >&5
Using built-in specs.
COLLECT_GCC=C:\msys64\mingw64\bin\gcc.exe
COLLECT_LTO_WRAPPER=C:/msys64/mingw64/bin/../libexec/gcc/x86_64-w64-mingw32/4.8.2/lto-wrapper.exe
Target: x86_64-w64-mingw32
Configured with: ../../../src/gcc-4.8.2/configure --host=x86_64-w64-mingw32 --build=x86_64-w64-mingw32 --target=x86_64-w64-mingw32 --prefix=/mingw64 --with-sysroot=/c/mingw482/x86_64-482-posix-seh-rt_v3-rev4/mingw64 --with-gxx-include-dir=/mingw64/x86_64-w64-mingw32/include/c++ --enable-shared --enable-static --disable-multilib --enable-languages=ada,c,c++,fortran,objc,obj-c++,lto --enable-libstdcxx-time=yes --enable-threads=posix --enable-libgomp --enable-libatomic --enable-lto --enable-graphite --enable-checking=release --enable-fully-dynamic-string --enable-version-specific-runtime-libs --disable-isl-version-check --disable-cloog-version-check --disable-libstdcxx-pch --disable-libstdcxx-debug --enable-bootstrap --disable-rpath --disable-win32-registry --disable-nls --disable-werror --disable-symvers --with-gnu-as --with-gnu-ld --with-arch=nocona --with-tune=core2 --with-libiconv --with-system-zlib --with-gmp=/c/mingw482/prerequisites/x86_64-w64-mingw32-static --with-mpfr=/c/mingw482/prerequisites/x86_64-w64-mingw32-static --with-mpc=/c/mingw482/prerequisites/x86_64-w64-mingw32-static --with-isl=/c/mingw482/prerequisites/x86_64-w64-mingw32-static --with-cloog=/c/mingw482/prerequisites/x86_64-w64-mingw32-static --enable-cloog-backend=isl --with-pkgversion='x86_64-posix-seh-rev4, Built by MinGW-W64 project' --with-bugurl=http://sourceforge.net/projects/mingw-w64 CFLAGS='-O2 -pipe -I/c/mingw482/x86_64-482-posix-seh-rt_v3-rev4/mingw64/opt/include -I/c/mingw482/prerequisites/x86_64-zlib-static/include -I/c/mingw482/prerequisites/x86_64-w64-mingw32-static/include' CXXFLAGS='-O2 -pipe -I/c/mingw482/x86_64-482-posix-seh-rt_v3-rev4/mingw64/opt/include -I/c/mingw482/prerequisites/x86_64-zlib-static/include -I/c/mingw482/prerequisites/x86_64-w64-mingw32-static/include' CPPFLAGS= LDFLAGS='-pipe -L/c/mingw482/x86_64-482-posix-seh-rt_v3-rev4/mingw64/opt/lib -L/c/mingw482/prerequisites/x86_64-zlib-static/lib -L/c/mingw482/prerequisites/x86_64-w64-mingw32-static/lib '
Thread model: posix
gcc version 4.8.2 (x86_64-posix-seh-rev4, Built by MinGW-W64 project) 
configure:3865: $? = 0
configure:3854: gcc -V >&5
gcc.exe: error: unrecognized command line option '-V'
gcc.exe: fatal error: no input files
compilation terminated.
configure:3865: $? = 1
configure:3854: gcc -qversion >&5
gcc.exe: error: unrecognized command line option '-qversion'
gcc.exe: fatal error: no input files
compilation terminated.
configure:3865: $? = 1
configure:3885: checking whether the C compiler works
configure:3907: gcc    conftest.c  >&5
configure:3911: $? = 0
configure:3959: result: yes
configure:3962: checking for C compiler default output file name
configure:3964: result: a.exe
configure:3970: checking for suffix of executables
configure:3977: gcc -o conftest.exe    conftest.c  >&5
configure:3981: $? = 0
configure:4003: result: .exe
configure:4025: checking whether we are cross compiling
configure:4033: gcc -o conftest.exe    conftest.c  >&5
configure:4037: $? = 0
configure:4044: ./conftest.exe
configure:4048: $? = 0
configure:4063: result: no
configure:4068: checking for suffix of object files
configure:4090: gcc -c   conftest.c >&5
configure:4094: $? = 0
configure:4115: result: o
configure:4119: checking whether we are using the GNU C compiler
configure:4138: gcc -c   conftest.c >&5
configure:4138: $? = 0
configure:4147: result: yes
configure:4156: checking whether gcc accepts -g
configure:4176: gcc -c -g  conftest.c >&5
configure:4176: $? = 0
configure:4217: result: yes
configure:4234: checking for gcc option to accept ISO C89
configure:4297: gcc  -c   conftest.c >&5
configure:4297: $? = 0
configure:4310: result: none needed
configure:4335: checking whether gcc understands -c and -o together
configure:4357: gcc -c conftest.c -o conftest2.o
configure:4360: $? = 0
configure:4357: gcc -c conftest.c -o conftest2.o
configure:4360: $? = 0
configure:4372: result: yes
configure:4400: checking for style of include used by make
configure:4428: result: none
configure:4454: checking dependency style of gcc
configure:4565: result: none
configure:4638: checking for g++
configure:4654: found /mingw64/bin/g++
configure:4665: result: g++
configure:4692: checking for C++ compiler version
configure:4701: g++ --version >&5
g++.exe (x86_64-posix-seh-rev4, Built by MinGW-W64 project) 4.8.2
Copyright (C) 2013 Free Software Foundation, Inc.
This is free software; see the source for copying conditions.  There is NO
warranty; not even for MERCHANTABILITY or FITNESS FOR A PARTICULAR PURPOSE.

configure:4712: $? = 0
configure:4701: g++ -v >&5
Using built-in specs.
COLLECT_GCC=C:\msys64\mingw64\bin\g++.exe
COLLECT_LTO_WRAPPER=C:/msys64/mingw64/bin/../libexec/gcc/x86_64-w64-mingw32/4.8.2/lto-wrapper.exe
Target: x86_64-w64-mingw32
Configured with: ../../../src/gcc-4.8.2/configure --host=x86_64-w64-mingw32 --build=x86_64-w64-mingw32 --target=x86_64-w64-mingw32 --prefix=/mingw64 --with-sysroot=/c/mingw482/x86_64-482-posix-seh-rt_v3-rev4/mingw64 --with-gxx-include-dir=/mingw64/x86_64-w64-mingw32/include/c++ --enable-shared --enable-static --disable-multilib --enable-languages=ada,c,c++,fortran,objc,obj-c++,lto --enable-libstdcxx-time=yes --enable-threads=posix --enable-libgomp --enable-libatomic --enable-lto --enable-graphite --enable-checking=release --enable-fully-dynamic-string --enable-version-specific-runtime-libs --disable-isl-version-check --disable-cloog-version-check --disable-libstdcxx-pch --disable-libstdcxx-debug --enable-bootstrap --disable-rpath --disable-win32-registry --disable-nls --disable-werror --disable-symvers --with-gnu-as --with-gnu-ld --with-arch=nocona --with-tune=core2 --with-libiconv --with-system-zlib --with-gmp=/c/mingw482/prerequisites/x86_64-w64-mingw32-static --with-mpfr=/c/mingw482/prerequisites/x86_64-w64-mingw32-static --with-mpc=/c/mingw482/prerequisites/x86_64-w64-mingw32-static --with-isl=/c/mingw482/prerequisites/x86_64-w64-mingw32-static --with-cloog=/c/mingw482/prerequisites/x86_64-w64-mingw32-static --enable-cloog-backend=isl --with-pkgversion='x86_64-posix-seh-rev4, Built by MinGW-W64 project' --with-bugurl=http://sourceforge.net/projects/mingw-w64 CFLAGS='-O2 -pipe -I/c/mingw482/x86_64-482-posix-seh-rt_v3-rev4/mingw64/opt/include -I/c/mingw482/prerequisites/x86_64-zlib-static/include -I/c/mingw482/prerequisites/x86_64-w64-mingw32-static/include' CXXFLAGS='-O2 -pipe -I/c/mingw482/x86_64-482-posix-seh-rt_v3-rev4/mingw64/opt/include -I/c/mingw482/prerequisites/x86_64-zlib-static/include -I/c/mingw482/prerequisites/x86_64-w64-mingw32-static/include' CPPFLAGS= LDFLAGS='-pipe -L/c/mingw482/x86_64-482-posix-seh-rt_v3-rev4/mingw64/opt/lib -L/c/mingw482/prerequisites/x86_64-zlib-static/lib -L/c/mingw482/prerequisites/x86_64-w64-mingw32-static/lib '
Thread model: posix
gcc version 4.8.2 (x86_64-posix-seh-rev4, Built by MinGW-W64 project) 
configure:4712: $? = 0
configure:4701: g++ -V >&5
g++.exe: error: unrecognized command line option '-V'
g++.exe: fatal error: no input files
compilation terminated.
configure:4712: $? = 1
configure:4701: g++ -qversion >&5
g++.exe: error: unrecognized command line option '-qversion'
g++.exe: fatal error: no input files
compilation terminated.
configure:4712: $? = 1
configure:4716: checking whether we are using the GNU C++ compiler
configure:4735: g++ -c   conftest.cpp >&5
configure:4735: $? = 0
configure:4744: result: yes
configure:4753: checking whether g++ accepts -g
configure:4773: g++ -c -g  conftest.cpp >&5
configure:4773: $? = 0
configure:4814: result: yes
configure:4839: checking dependency style of g++
configure:4950: result: none
configure:4970: checking how to run the C preprocessor
configure:5001: gcc -E  conftest.c
configure:5001: $? = 0
configure:5015: gcc -E  conftest.c
conftest.c:11:28: fatal error: ac_nonexistent.h: No such file or directory
 #include <ac_nonexistent.h>
                            ^
compilation terminated.
configure:5015: $? = 1
configure: failed program was:
| /* confdefs.h */
| #define PACKAGE_NAME "Protocol Buffers"
| #define PACKAGE_TARNAME "protobuf"
| #define PACKAGE_VERSION "3.7.0"
| #define PACKAGE_STRING "Protocol Buffers 3.7.0"
| #define PACKAGE_BUGREPORT "protobuf@googlegroups.com"
| #define PACKAGE_URL ""
| #define PACKAGE "protobuf"
| #define VERSION "3.7.0"
| /* end confdefs.h.  */
| #include <ac_nonexistent.h>
configure:5040: result: gcc -E
configure:5060: gcc -E  conftest.c
configure:5060: $? = 0
configure:5074: gcc -E  conftest.c
conftest.c:11:28: fatal error: ac_nonexistent.h: No such file or directory
 #include <ac_nonexistent.h>
                            ^
compilation terminated.
configure:5074: $? = 1
configure: failed program was:
| /* confdefs.h */
| #define PACKAGE_NAME "Protocol Buffers"
| #define PACKAGE_TARNAME "protobuf"
| #define PACKAGE_VERSION "3.7.0"
| #define PACKAGE_STRING "Protocol Buffers 3.7.0"
| #define PACKAGE_BUGREPORT "protobuf@googlegroups.com"
| #define PACKAGE_URL ""
| #define PACKAGE "protobuf"
| #define VERSION "3.7.0"
| /* end confdefs.h.  */
| #include <ac_nonexistent.h>
configure:5158: checking for gcc
configure:5174: found /mingw64/bin/gcc
configure:5185: result: gcc
configure:5414: checking for C compiler version
configure:5423: gcc --version >&5
gcc.exe (x86_64-posix-seh-rev4, Built by MinGW-W64 project) 4.8.2
Copyright (C) 2013 Free Software Foundation, Inc.
This is free software; see the source for copying conditions.  There is NO
warranty; not even for MERCHANTABILITY or FITNESS FOR A PARTICULAR PURPOSE.

configure:5434: $? = 0
configure:5423: gcc -v >&5
Using built-in specs.
COLLECT_GCC=C:\msys64\mingw64\bin\gcc.exe
COLLECT_LTO_WRAPPER=C:/msys64/mingw64/bin/../libexec/gcc/x86_64-w64-mingw32/4.8.2/lto-wrapper.exe
Target: x86_64-w64-mingw32
Configured with: ../../../src/gcc-4.8.2/configure --host=x86_64-w64-mingw32 --build=x86_64-w64-mingw32 --target=x86_64-w64-mingw32 --prefix=/mingw64 --with-sysroot=/c/mingw482/x86_64-482-posix-seh-rt_v3-rev4/mingw64 --with-gxx-include-dir=/mingw64/x86_64-w64-mingw32/include/c++ --enable-shared --enable-static --disable-multilib --enable-languages=ada,c,c++,fortran,objc,obj-c++,lto --enable-libstdcxx-time=yes --enable-threads=posix --enable-libgomp --enable-libatomic --enable-lto --enable-graphite --enable-checking=release --enable-fully-dynamic-string --enable-version-specific-runtime-libs --disable-isl-version-check --disable-cloog-version-check --disable-libstdcxx-pch --disable-libstdcxx-debug --enable-bootstrap --disable-rpath --disable-win32-registry --disable-nls --disable-werror --disable-symvers --with-gnu-as --with-gnu-ld --with-arch=nocona --with-tune=core2 --with-libiconv --with-system-zlib --with-gmp=/c/mingw482/prerequisites/x86_64-w64-mingw32-static --with-mpfr=/c/mingw482/prerequisites/x86_64-w64-mingw32-static --with-mpc=/c/mingw482/prerequisites/x86_64-w64-mingw32-static --with-isl=/c/mingw482/prerequisites/x86_64-w64-mingw32-static --with-cloog=/c/mingw482/prerequisites/x86_64-w64-mingw32-static --enable-cloog-backend=isl --with-pkgversion='x86_64-posix-seh-rev4, Built by MinGW-W64 project' --with-bugurl=http://sourceforge.net/projects/mingw-w64 CFLAGS='-O2 -pipe -I/c/mingw482/x86_64-482-posix-seh-rt_v3-rev4/mingw64/opt/include -I/c/mingw482/prerequisites/x86_64-zlib-static/include -I/c/mingw482/prerequisites/x86_64-w64-mingw32-static/include' CXXFLAGS='-O2 -pipe -I/c/mingw482/x86_64-482-posix-seh-rt_v3-rev4/mingw64/opt/include -I/c/mingw482/prerequisites/x86_64-zlib-static/include -I/c/mingw482/prerequisites/x86_64-w64-mingw32-static/include' CPPFLAGS= LDFLAGS='-pipe -L/c/mingw482/x86_64-482-posix-seh-rt_v3-rev4/mingw64/opt/lib -L/c/mingw482/prerequisites/x86_64-zlib-static/lib -L/c/mingw482/prerequisites/x86_64-w64-mingw32-static/lib '
Thread model: posix
gcc version 4.8.2 (x86_64-posix-seh-rev4, Built by MinGW-W64 project) 
configure:5434: $? = 0
configure:5423: gcc -V >&5
gcc.exe: error: unrecognized command line option '-V'
gcc.exe: fatal error: no input files
compilation terminated.
configure:5434: $? = 1
configure:5423: gcc -qversion >&5
gcc.exe: error: unrecognized command line option '-qversion'
gcc.exe: fatal error: no input files
compilation terminated.
configure:5434: $? = 1
configure:5438: checking whether we are using the GNU C compiler
configure:5466: result: yes
configure:5475: checking whether gcc accepts -g
configure:5495: gcc -c   conftest.c >&5
configure:5495: $? = 0
configure:5536: result: yes
configure:5553: checking for gcc option to accept ISO C89
configure:5629: result: none needed
configure:5654: checking whether gcc understands -c and -o together
configure:5691: result: yes
configure:5710: checking dependency style of gcc
configure:5821: result: none
configure:5841: checking how to run the C preprocessor
configure:5872: gcc -E  conftest.c
configure:5872: $? = 0
configure:5886: gcc -E  conftest.c
conftest.c:11:28: fatal error: ac_nonexistent.h: No such file or directory
 #include <ac_nonexistent.h>
                            ^
compilation terminated.
configure:5886: $? = 1
configure: failed program was:
| /* confdefs.h */
| #define PACKAGE_NAME "Protocol Buffers"
| #define PACKAGE_TARNAME "protobuf"
| #define PACKAGE_VERSION "3.7.0"
| #define PACKAGE_STRING "Protocol Buffers 3.7.0"
| #define PACKAGE_BUGREPORT "protobuf@googlegroups.com"
| #define PACKAGE_URL ""
| #define PACKAGE "protobuf"
| #define VERSION "3.7.0"
| /* end confdefs.h.  */
| #include <ac_nonexistent.h>
configure:5911: result: gcc -E
configure:5931: gcc -E  conftest.c
configure:5931: $? = 0
configure:5945: gcc -E  conftest.c
conftest.c:11:28: fatal error: ac_nonexistent.h: No such file or directory
 #include <ac_nonexistent.h>
                            ^
compilation terminated.
configure:5945: $? = 1
configure: failed program was:
| /* confdefs.h */
| #define PACKAGE_NAME "Protocol Buffers"
| #define PACKAGE_TARNAME "protobuf"
| #define PACKAGE_VERSION "3.7.0"
| #define PACKAGE_STRING "Protocol Buffers 3.7.0"
| #define PACKAGE_BUGREPORT "protobuf@googlegroups.com"
| #define PACKAGE_URL ""
| #define PACKAGE "protobuf"
| #define VERSION "3.7.0"
| /* end confdefs.h.  */
| #include <ac_nonexistent.h>
configure:5987: checking how to run the C++ preprocessor
configure:6014: g++ -E  conftest.cpp
configure:6014: $? = 0
configure:6028: g++ -E  conftest.cpp
conftest.cpp:11:28: fatal error: ac_nonexistent.h: No such file or directory
 #include <ac_nonexistent.h>
                            ^
compilation terminated.
configure:6028: $? = 1
configure: failed program was:
| /* confdefs.h */
| #define PACKAGE_NAME "Protocol Buffers"
| #define PACKAGE_TARNAME "protobuf"
| #define PACKAGE_VERSION "3.7.0"
| #define PACKAGE_STRING "Protocol Buffers 3.7.0"
| #define PACKAGE_BUGREPORT "protobuf@googlegroups.com"
| #define PACKAGE_URL ""
| #define PACKAGE "protobuf"
| #define VERSION "3.7.0"
| /* end confdefs.h.  */
| #include <ac_nonexistent.h>
configure:6053: result: g++ -E
configure:6073: g++ -E  conftest.cpp
configure:6073: $? = 0
configure:6087: g++ -E  conftest.cpp
conftest.cpp:11:28: fatal error: ac_nonexistent.h: No such file or directory
 #include <ac_nonexistent.h>
                            ^
compilation terminated.
configure:6087: $? = 1
configure: failed program was:
| /* confdefs.h */
| #define PACKAGE_NAME "Protocol Buffers"
| #define PACKAGE_TARNAME "protobuf"
| #define PACKAGE_VERSION "3.7.0"
| #define PACKAGE_STRING "Protocol Buffers 3.7.0"
| #define PACKAGE_BUGREPORT "protobuf@googlegroups.com"
| #define PACKAGE_URL ""
| #define PACKAGE "protobuf"
| #define VERSION "3.7.0"
| /* end confdefs.h.  */
| #include <ac_nonexistent.h>
configure:6180: checking for g++
configure:6196: found /mingw64/bin/g++
configure:6207: result: g++
configure:6234: checking for C++ compiler version
configure:6243: g++ --version >&5
g++.exe (x86_64-posix-seh-rev4, Built by MinGW-W64 project) 4.8.2
Copyright (C) 2013 Free Software Foundation, Inc.
This is free software; see the source for copying conditions.  There is NO
warranty; not even for MERCHANTABILITY or FITNESS FOR A PARTICULAR PURPOSE.

configure:6254: $? = 0
configure:6243: g++ -v >&5
Using built-in specs.
COLLECT_GCC=C:\msys64\mingw64\bin\g++.exe
COLLECT_LTO_WRAPPER=C:/msys64/mingw64/bin/../libexec/gcc/x86_64-w64-mingw32/4.8.2/lto-wrapper.exe
Target: x86_64-w64-mingw32
Configured with: ../../../src/gcc-4.8.2/configure --host=x86_64-w64-mingw32 --build=x86_64-w64-mingw32 --target=x86_64-w64-mingw32 --prefix=/mingw64 --with-sysroot=/c/mingw482/x86_64-482-posix-seh-rt_v3-rev4/mingw64 --with-gxx-include-dir=/mingw64/x86_64-w64-mingw32/include/c++ --enable-shared --enable-static --disable-multilib --enable-languages=ada,c,c++,fortran,objc,obj-c++,lto --enable-libstdcxx-time=yes --enable-threads=posix --enable-libgomp --enable-libatomic --enable-lto --enable-graphite --enable-checking=release --enable-fully-dynamic-string --enable-version-specific-runtime-libs --disable-isl-version-check --disable-cloog-version-check --disable-libstdcxx-pch --disable-libstdcxx-debug --enable-bootstrap --disable-rpath --disable-win32-registry --disable-nls --disable-werror --disable-symvers --with-gnu-as --with-gnu-ld --with-arch=nocona --with-tune=core2 --with-libiconv --with-system-zlib --with-gmp=/c/mingw482/prerequisites/x86_64-w64-mingw32-static --with-mpfr=/c/mingw482/prerequisites/x86_64-w64-mingw32-static --with-mpc=/c/mingw482/prerequisites/x86_64-w64-mingw32-static --with-isl=/c/mingw482/prerequisites/x86_64-w64-mingw32-static --with-cloog=/c/mingw482/prerequisites/x86_64-w64-mingw32-static --enable-cloog-backend=isl --with-pkgversion='x86_64-posix-seh-rev4, Built by MinGW-W64 project' --with-bugurl=http://sourceforge.net/projects/mingw-w64 CFLAGS='-O2 -pipe -I/c/mingw482/x86_64-482-posix-seh-rt_v3-rev4/mingw64/opt/include -I/c/mingw482/prerequisites/x86_64-zlib-static/include -I/c/mingw482/prerequisites/x86_64-w64-mingw32-static/include' CXXFLAGS='-O2 -pipe -I/c/mingw482/x86_64-482-posix-seh-rt_v3-rev4/mingw64/opt/include -I/c/mingw482/prerequisites/x86_64-zlib-static/include -I/c/mingw482/prerequisites/x86_64-w64-mingw32-static/include' CPPFLAGS= LDFLAGS='-pipe -L/c/mingw482/x86_64-482-posix-seh-rt_v3-rev4/mingw64/opt/lib -L/c/mingw482/prerequisites/x86_64-zlib-static/lib -L/c/mingw482/prerequisites/x86_64-w64-mingw32-static/lib '
Thread model: posix
gcc version 4.8.2 (x86_64-posix-seh-rev4, Built by MinGW-W64 project) 
configure:6254: $? = 0
configure:6243: g++ -V >&5
g++.exe: error: unrecognized command line option '-V'
g++.exe: fatal error: no input files
compilation terminated.
configure:6254: $? = 1
configure:6243: g++ -qversion >&5
g++.exe: error: unrecognized command line option '-qversion'
g++.exe: fatal error: no input files
compilation terminated.
configure:6254: $? = 1
configure:6258: checking whether we are using the GNU C++ compiler
configure:6286: result: yes
configure:6295: checking whether g++ accepts -g
configure:6315: gcc -c   conftest.cpp >&5
configure:6315: $? = 0
configure:6356: result: yes
configure:6381: checking dependency style of g++
configure:6492: result: none
configure:6512: checking how to run the C++ preprocessor
configure:6539: g++ -E  conftest.cpp
configure:6539: $? = 0
configure:6553: g++ -E  conftest.cpp
conftest.cpp:11:28: fatal error: ac_nonexistent.h: No such file or directory
 #include <ac_nonexistent.h>
                            ^
compilation terminated.
configure:6553: $? = 1
configure: failed program was:
| /* confdefs.h */
| #define PACKAGE_NAME "Protocol Buffers"
| #define PACKAGE_TARNAME "protobuf"
| #define PACKAGE_VERSION "3.7.0"
| #define PACKAGE_STRING "Protocol Buffers 3.7.0"
| #define PACKAGE_BUGREPORT "protobuf@googlegroups.com"
| #define PACKAGE_URL ""
| #define PACKAGE "protobuf"
| #define VERSION "3.7.0"
| /* end confdefs.h.  */
| #include <ac_nonexistent.h>
configure:6578: result: g++ -E
configure:6598: g++ -E  conftest.cpp
configure:6598: $? = 0
configure:6612: g++ -E  conftest.cpp
conftest.cpp:11:28: fatal error: ac_nonexistent.h: No such file or directory
 #include <ac_nonexistent.h>
                            ^
compilation terminated.
configure:6612: $? = 1
configure: failed program was:
| /* confdefs.h */
| #define PACKAGE_NAME "Protocol Buffers"
| #define PACKAGE_TARNAME "protobuf"
| #define PACKAGE_VERSION "3.7.0"
| #define PACKAGE_STRING "Protocol Buffers 3.7.0"
| #define PACKAGE_BUGREPORT "protobuf@googlegroups.com"
| #define PACKAGE_URL ""
| #define PACKAGE "protobuf"
| #define VERSION "3.7.0"
| /* end confdefs.h.  */
| #include <ac_nonexistent.h>
configure:6654: checking for grep that handles long lines and -e
configure:6712: result: /usr/bin/grep
configure:6717: checking for egrep
configure:6779: result: /usr/bin/grep -E
configure:6784: checking for ANSI C header files
configure:6804: g++ -c   conftest.cpp >&5
configure:6804: $? = 0
configure:6877: g++ -o conftest.exe    conftest.cpp  >&5
configure:6877: $? = 0
configure:6877: ./conftest.exe
configure:6877: $? = 0
configure:6888: result: yes
configure:6901: checking for sys/types.h
configure:6901: g++ -c   conftest.cpp >&5
configure:6901: $? = 0
configure:6901: result: yes
configure:6901: checking for sys/stat.h
configure:6901: g++ -c   conftest.cpp >&5
configure:6901: $? = 0
configure:6901: result: yes
configure:6901: checking for stdlib.h
configure:6901: g++ -c   conftest.cpp >&5
configure:6901: $? = 0
configure:6901: result: yes
configure:6901: checking for string.h
configure:6901: g++ -c   conftest.cpp >&5
configure:6901: $? = 0
configure:6901: result: yes
configure:6901: checking for memory.h
configure:6901: g++ -c   conftest.cpp >&5
configure:6901: $? = 0
configure:6901: result: yes
configure:6901: checking for strings.h
configure:6901: g++ -c   conftest.cpp >&5
configure:6901: $? = 0
configure:6901: result: yes
configure:6901: checking for inttypes.h
configure:6901: g++ -c   conftest.cpp >&5
configure:6901: $? = 0
configure:6901: result: yes
configure:6901: checking for stdint.h
configure:6901: g++ -c   conftest.cpp >&5
configure:6901: $? = 0
configure:6901: result: yes
configure:6901: checking for unistd.h
configure:6901: g++ -c   conftest.cpp >&5
configure:6901: $? = 0
configure:6901: result: yes
configure:6914: checking minix/config.h usability
configure:6914: g++ -c   conftest.cpp >&5
conftest.cpp:54:26: fatal error: minix/config.h: No such file or directory
 #include <minix/config.h>
                          ^
compilation terminated.
configure:6914: $? = 1
configure: failed program was:
| /* confdefs.h */
| #define PACKAGE_NAME "Protocol Buffers"
| #define PACKAGE_TARNAME "protobuf"
| #define PACKAGE_VERSION "3.7.0"
| #define PACKAGE_STRING "Protocol Buffers 3.7.0"
| #define PACKAGE_BUGREPORT "protobuf@googlegroups.com"
| #define PACKAGE_URL ""
| #define PACKAGE "protobuf"
| #define VERSION "3.7.0"
| #define STDC_HEADERS 1
| #define HAVE_SYS_TYPES_H 1
| #define HAVE_SYS_STAT_H 1
| #define HAVE_STDLIB_H 1
| #define HAVE_STRING_H 1
| #define HAVE_MEMORY_H 1
| #define HAVE_STRINGS_H 1
| #define HAVE_INTTYPES_H 1
| #define HAVE_STDINT_H 1
| #define HAVE_UNISTD_H 1
| /* end confdefs.h.  */
| #include <stdio.h>
| #ifdef HAVE_SYS_TYPES_H
| # include <sys/types.h>
| #endif
| #ifdef HAVE_SYS_STAT_H
| # include <sys/stat.h>
| #endif
| #ifdef STDC_HEADERS
| # include <stdlib.h>
| # include <stddef.h>
| #else
| # ifdef HAVE_STDLIB_H
| #  include <stdlib.h>
| # endif
| #endif
| #ifdef HAVE_STRING_H
| # if !defined STDC_HEADERS && defined HAVE_MEMORY_H
| #  include <memory.h>
| # endif
| # include <string.h>
| #endif
| #ifdef HAVE_STRINGS_H
| # include <strings.h>
| #endif
| #ifdef HAVE_INTTYPES_H
| # include <inttypes.h>
| #endif
| #ifdef HAVE_STDINT_H
| # include <stdint.h>
| #endif
| #ifdef HAVE_UNISTD_H
| # include <unistd.h>
| #endif
| #include <minix/config.h>
configure:6914: result: no
configure:6914: checking minix/config.h presence
configure:6914: g++ -E  conftest.cpp
conftest.cpp:21:26: fatal error: minix/config.h: No such file or directory
 #include <minix/config.h>
                          ^
compilation terminated.
configure:6914: $? = 1
configure: failed program was:
| /* confdefs.h */
| #define PACKAGE_NAME "Protocol Buffers"
| #define PACKAGE_TARNAME "protobuf"
| #define PACKAGE_VERSION "3.7.0"
| #define PACKAGE_STRING "Protocol Buffers 3.7.0"
| #define PACKAGE_BUGREPORT "protobuf@googlegroups.com"
| #define PACKAGE_URL ""
| #define PACKAGE "protobuf"
| #define VERSION "3.7.0"
| #define STDC_HEADERS 1
| #define HAVE_SYS_TYPES_H 1
| #define HAVE_SYS_STAT_H 1
| #define HAVE_STDLIB_H 1
| #define HAVE_STRING_H 1
| #define HAVE_MEMORY_H 1
| #define HAVE_STRINGS_H 1
| #define HAVE_INTTYPES_H 1
| #define HAVE_STDINT_H 1
| #define HAVE_UNISTD_H 1
| /* end confdefs.h.  */
| #include <minix/config.h>
configure:6914: result: no
configure:6914: checking for minix/config.h
configure:6914: result: no
configure:6935: checking whether it is safe to define __EXTENSIONS__
configure:6953: g++ -c   conftest.cpp >&5
configure:6953: $? = 0
configure:6960: result: yes
configure:7029: checking for ar
configure:7045: found /mingw64/bin/ar
configure:7056: result: ar
configure:7082: checking the archiver (ar) interface
configure:7098: gcc -c   conftest.c >&5
configure:7098: $? = 0
configure:7100: ar cru libconftest.a conftest.o >&5
configure:7103: $? = 0
configure:7131: result: ar
configure:7213: checking for gcc
configure:7229: found /mingw64/bin/gcc
configure:7240: result: gcc
configure:7265: checking for Objective C compiler version
configure:7274: gcc --version >&5
gcc.exe (x86_64-posix-seh-rev4, Built by MinGW-W64 project) 4.8.2
Copyright (C) 2013 Free Software Foundation, Inc.
This is free software; see the source for copying conditions.  There is NO
warranty; not even for MERCHANTABILITY or FITNESS FOR A PARTICULAR PURPOSE.

configure:7285: $? = 0
configure:7274: gcc -v >&5
Using built-in specs.
COLLECT_GCC=C:\msys64\mingw64\bin\gcc.exe
COLLECT_LTO_WRAPPER=C:/msys64/mingw64/bin/../libexec/gcc/x86_64-w64-mingw32/4.8.2/lto-wrapper.exe
Target: x86_64-w64-mingw32
Configured with: ../../../src/gcc-4.8.2/configure --host=x86_64-w64-mingw32 --build=x86_64-w64-mingw32 --target=x86_64-w64-mingw32 --prefix=/mingw64 --with-sysroot=/c/mingw482/x86_64-482-posix-seh-rt_v3-rev4/mingw64 --with-gxx-include-dir=/mingw64/x86_64-w64-mingw32/include/c++ --enable-shared --enable-static --disable-multilib --enable-languages=ada,c,c++,fortran,objc,obj-c++,lto --enable-libstdcxx-time=yes --enable-threads=posix --enable-libgomp --enable-libatomic --enable-lto --enable-graphite --enable-checking=release --enable-fully-dynamic-string --enable-version-specific-runtime-libs --disable-isl-version-check --disable-cloog-version-check --disable-libstdcxx-pch --disable-libstdcxx-debug --enable-bootstrap --disable-rpath --disable-win32-registry --disable-nls --disable-werror --disable-symvers --with-gnu-as --with-gnu-ld --with-arch=nocona --with-tune=core2 --with-libiconv --with-system-zlib --with-gmp=/c/mingw482/prerequisites/x86_64-w64-mingw32-static --with-mpfr=/c/mingw482/prerequisites/x86_64-w64-mingw32-static --with-mpc=/c/mingw482/prerequisites/x86_64-w64-mingw32-static --with-isl=/c/mingw482/prerequisites/x86_64-w64-mingw32-static --with-cloog=/c/mingw482/prerequisites/x86_64-w64-mingw32-static --enable-cloog-backend=isl --with-pkgversion='x86_64-posix-seh-rev4, Built by MinGW-W64 project' --with-bugurl=http://sourceforge.net/projects/mingw-w64 CFLAGS='-O2 -pipe -I/c/mingw482/x86_64-482-posix-seh-rt_v3-rev4/mingw64/opt/include -I/c/mingw482/prerequisites/x86_64-zlib-static/include -I/c/mingw482/prerequisites/x86_64-w64-mingw32-static/include' CXXFLAGS='-O2 -pipe -I/c/mingw482/x86_64-482-posix-seh-rt_v3-rev4/mingw64/opt/include -I/c/mingw482/prerequisites/x86_64-zlib-static/include -I/c/mingw482/prerequisites/x86_64-w64-mingw32-static/include' CPPFLAGS= LDFLAGS='-pipe -L/c/mingw482/x86_64-482-posix-seh-rt_v3-rev4/mingw64/opt/lib -L/c/mingw482/prerequisites/x86_64-zlib-static/lib -L/c/mingw482/prerequisites/x86_64-w64-mingw32-static/lib '
Thread model: posix
gcc version 4.8.2 (x86_64-posix-seh-rev4, Built by MinGW-W64 project) 
configure:7285: $? = 0
configure:7274: gcc -V >&5
gcc.exe: error: unrecognized command line option '-V'
gcc.exe: fatal error: no input files
compilation terminated.
configure:7285: $? = 1
configure:7274: gcc -qversion >&5
gcc.exe: error: unrecognized command line option '-qversion'
gcc.exe: fatal error: no input files
compilation terminated.
configure:7285: $? = 1
configure:7289: checking whether we are using the GNU Objective C compiler
configure:7308: gcc -c   conftest.m >&5
configure:7308: $? = 0
configure:7317: result: yes
configure:7326: checking whether gcc accepts -g
configure:7346: gcc -c -g  conftest.m >&5
configure:7346: $? = 0
configure:7387: result: yes
configure:7412: checking dependency style of gcc
configure:7521: result: none
configure:7538: checking C++ compiler flags...
configure:7554: result: use default: -O2  -g -std=c++11 -DNDEBUG
configure:7574: checking whether __SUNPRO_CC is declared
configure:7574: g++ -c  -g -std=c++11 -DNDEBUG  conftest.cpp >&5
conftest.cpp: In function 'int main()':
conftest.cpp:64:10: error: '__SUNPRO_CC' was not declared in this scope
   (void) __SUNPRO_CC;
          ^
configure:7574: $? = 1
configure: failed program was:
| /* confdefs.h */
| #define PACKAGE_NAME "Protocol Buffers"
| #define PACKAGE_TARNAME "protobuf"
| #define PACKAGE_VERSION "3.7.0"
| #define PACKAGE_STRING "Protocol Buffers 3.7.0"
| #define PACKAGE_BUGREPORT "protobuf@googlegroups.com"
| #define PACKAGE_URL ""
| #define PACKAGE "protobuf"
| #define VERSION "3.7.0"
| #define STDC_HEADERS 1
| #define HAVE_SYS_TYPES_H 1
| #define HAVE_SYS_STAT_H 1
| #define HAVE_STDLIB_H 1
| #define HAVE_STRING_H 1
| #define HAVE_MEMORY_H 1
| #define HAVE_STRINGS_H 1
| #define HAVE_INTTYPES_H 1
| #define HAVE_STDINT_H 1
| #define HAVE_UNISTD_H 1
| #define __EXTENSIONS__ 1
| #define _ALL_SOURCE 1
| #define _GNU_SOURCE 1
| #define _POSIX_PTHREAD_SEMANTICS 1
| #define _TANDEM_SOURCE 1
| /* end confdefs.h.  */
| #include <stdio.h>
| #ifdef HAVE_SYS_TYPES_H
| # include <sys/types.h>
| #endif
| #ifdef HAVE_SYS_STAT_H
| # include <sys/stat.h>
| #endif
| #ifdef STDC_HEADERS
| # include <stdlib.h>
| # include <stddef.h>
| #else
| # ifdef HAVE_STDLIB_H
| #  include <stdlib.h>
| # endif
| #endif
| #ifdef HAVE_STRING_H
| # if !defined STDC_HEADERS && defined HAVE_MEMORY_H
| #  include <memory.h>
| # endif
| # include <string.h>
| #endif
| #ifdef HAVE_STRINGS_H
| # include <strings.h>
| #endif
| #ifdef HAVE_INTTYPES_H
| # include <inttypes.h>
| #endif
| #ifdef HAVE_STDINT_H
| # include <stdint.h>
| #endif
| #ifdef HAVE_UNISTD_H
| # include <unistd.h>
| #endif
| int
| main ()
| {
| #ifndef __SUNPRO_CC
| #ifdef __cplusplus
|   (void) __SUNPRO_CC;
| #else
|   (void) __SUNPRO_CC;
| #endif
| #endif
| 
|   ;
|   return 0;
| }
configure:7574: result: no
configure:7743: checking how to print strings
configure:7770: result: printf
configure:7791: checking for a sed that does not truncate output
configure:7855: result: /usr/bin/sed
configure:7873: checking for fgrep
configure:7935: result: /usr/bin/grep -F
configure:7970: checking for ld used by gcc
configure:8037: result: C:/msys64/mingw64/x86_64-w64-mingw32/bin/ld.exe
configure:8044: checking if the linker (C:/msys64/mingw64/x86_64-w64-mingw32/bin/ld.exe) is GNU ld
configure:8059: result: yes
configure:8071: checking for BSD- or MS-compatible name lister (nm)
configure:8125: result: /mingw64/bin/nm -B
configure:8255: checking the name lister (/mingw64/bin/nm -B) interface
configure:8262: g++ -c  -g -std=c++11 -DNDEBUG  conftest.cpp >&5
configure:8265: /mingw64/bin/nm -B "conftest.o"
configure:8268: output
0000000000000000 b .bss
0000000000000000 d .data
0000000000000000 N .debug_abbrev
0000000000000000 N .debug_aranges
0000000000000000 N .debug_info
0000000000000000 N .debug_line
0000000000000000 r .rdata$zzz
0000000000000000 t .text
0000000000000000 B some_variable
configure:8275: result: BSD nm
configure:8278: checking whether ln -s works
configure:8285: result: no, using cp -pR
configure:8290: checking the maximum length of command line arguments
configure:8421: result: 8192
configure:8469: checking how to convert x86_64-w64-mingw32 file names to x86_64-w64-mingw32 format
configure:8509: result: func_convert_file_msys_to_w32
configure:8516: checking how to convert x86_64-w64-mingw32 file names to toolchain format
configure:8536: result: func_convert_file_msys_to_w32
configure:8543: checking for C:/msys64/mingw64/x86_64-w64-mingw32/bin/ld.exe option to reload object files
configure:8550: result: -r
configure:8624: checking for objdump
configure:8640: found /mingw64/bin/objdump
configure:8651: result: objdump
configure:8683: checking how to recognize dependent libraries
configure:8883: result: file_magic ^x86 archive import|^x86 DLL
configure:8968: checking for dlltool
configure:8984: found /mingw64/bin/dlltool
configure:8995: result: dlltool
configure:9028: checking how to associate runtime and link libraries
configure:9055: result: func_cygming_dll_for_implib
configure:9179: checking for archiver @FILE support
configure:9196: g++ -c  -g -std=c++11 -DNDEBUG  conftest.cpp >&5
configure:9196: $? = 0
configure:9199: ar cru libconftest.a @conftest.lst >&5
configure:9202: $? = 0
configure:9207: ar cru libconftest.a @conftest.lst >&5
C:\msys64\mingw64\bin\ar.exe: conftest.o: No such file or directory
configure:9210: $? = 1
configure:9222: result: @
configure:9280: checking for strip
configure:9296: found /mingw64/bin/strip
configure:9307: result: strip
configure:9379: checking for ranlib
configure:9395: found /mingw64/bin/ranlib
configure:9406: result: ranlib
configure:9508: checking command to parse /mingw64/bin/nm -B output from gcc object
configure:9661: g++ -c  -g -std=c++11 -DNDEBUG  conftest.cpp >&5
configure:9664: $? = 0
configure:9668: /mingw64/bin/nm -B conftest.o \| sed -n -e 's/^.*[ ]\([ABCDGIRSTW][ABCDGIRSTW]*\)[ ][ ]*\([_A-Za-z][_A-Za-z0-9]*\)\{0,1\}$/\1 \2 \2/p' | sed '/ __gnu_lto/d' \> conftest.nm
configure:9671: $? = 0
configure:9737: g++ -o conftest.exe  -g -std=c++11 -DNDEBUG   conftest.cpp conftstm.o >&5
configure:9740: $? = 0
configure:9778: result: ok
configure:9825: checking for sysroot
configure:9855: result: no
configure:9862: checking for a working dd
configure:9900: result: 
configure:9904: checking how to truncate binary pipes
configure:9919: result: /usr/bin/sed -e 4q
configure:10248: checking for mt
configure:10278: result: no
configure:10298: checking if : is a manifest tool
configure:10304: : '-?'
configure:10312: result: no
configure:10986: checking for dlfcn.h
configure:10986: g++ -c  -g -std=c++11 -DNDEBUG  conftest.cpp >&5
conftest.cpp:60:19: fatal error: dlfcn.h: No such file or directory
 #include <dlfcn.h>
                   ^
compilation terminated.
configure:10986: $? = 1
configure: failed program was:
| /* confdefs.h */
| #define PACKAGE_NAME "Protocol Buffers"
| #define PACKAGE_TARNAME "protobuf"
| #define PACKAGE_VERSION "3.7.0"
| #define PACKAGE_STRING "Protocol Buffers 3.7.0"
| #define PACKAGE_BUGREPORT "protobuf@googlegroups.com"
| #define PACKAGE_URL ""
| #define PACKAGE "protobuf"
| #define VERSION "3.7.0"
| #define STDC_HEADERS 1
| #define HAVE_SYS_TYPES_H 1
| #define HAVE_SYS_STAT_H 1
| #define HAVE_STDLIB_H 1
| #define HAVE_STRING_H 1
| #define HAVE_MEMORY_H 1
| #define HAVE_STRINGS_H 1
| #define HAVE_INTTYPES_H 1
| #define HAVE_STDINT_H 1
| #define HAVE_UNISTD_H 1
| #define __EXTENSIONS__ 1
| #define _ALL_SOURCE 1
| #define _GNU_SOURCE 1
| #define _POSIX_PTHREAD_SEMANTICS 1
| #define _TANDEM_SOURCE 1
| /* end confdefs.h.  */
| #include <stdio.h>
| #ifdef HAVE_SYS_TYPES_H
| # include <sys/types.h>
| #endif
| #ifdef HAVE_SYS_STAT_H
| # include <sys/stat.h>
| #endif
| #ifdef STDC_HEADERS
| # include <stdlib.h>
| # include <stddef.h>
| #else
| # ifdef HAVE_STDLIB_H
| #  include <stdlib.h>
| # endif
| #endif
| #ifdef HAVE_STRING_H
| # if !defined STDC_HEADERS && defined HAVE_MEMORY_H
| #  include <memory.h>
| # endif
| # include <string.h>
| #endif
| #ifdef HAVE_STRINGS_H
| # include <strings.h>
| #endif
| #ifdef HAVE_INTTYPES_H
| # include <inttypes.h>
| #endif
| #ifdef HAVE_STDINT_H
| # include <stdint.h>
| #endif
| #ifdef HAVE_UNISTD_H
| # include <unistd.h>
| #endif
| 
| #include <dlfcn.h>
configure:10986: result: no
configure:11252: checking for objdir
configure:11267: result: .libs
configure:11531: checking if gcc supports -fno-rtti -fno-exceptions
configure:11549: gcc -c   -fno-rtti -fno-exceptions conftest.c >&5
cc1.exe: warning: command line option '-fno-rtti' is valid for C++/ObjC++ but not for C [enabled by default]
configure:11553: $? = 0
configure:11566: result: no
configure:11924: checking for gcc option to produce PIC
configure:11931: result: -DDLL_EXPORT -DPIC
configure:11939: checking if gcc PIC flag -DDLL_EXPORT -DPIC works
configure:11957: gcc -c   -DDLL_EXPORT -DPIC -DPIC conftest.c >&5
configure:11961: $? = 0
configure:11974: result: yes
configure:12003: checking if gcc static flag -static works
configure:12031: result: yes
configure:12046: checking if gcc supports -c -o file.o
configure:12067: gcc -c   -o out/conftest2.o conftest.c >&5
configure:12071: $? = 0
configure:12093: result: yes
configure:12101: checking if gcc supports -c -o file.o
configure:12148: result: yes
configure:12181: checking whether the gcc linker (C:/msys64/mingw64/x86_64-w64-mingw32/bin/ld.exe) supports shared libraries
configure:13444: result: yes
configure:13684: checking dynamic linker characteristics
configure:14514: result: Win32 ld.exe
configure:14636: checking how to hardcode library paths into programs
configure:14661: result: immediate
configure:15209: checking whether stripping libraries is possible
configure:15214: result: yes
configure:15249: checking if libtool supports shared libraries
configure:15251: result: yes
configure:15254: checking whether to build shared libraries
configure:15279: result: no
configure:15282: checking whether to build static libraries
configure:15286: result: yes
configure:15309: checking how to run the C++ preprocessor
configure:15375: result: g++ -E
configure:15395: g++ -E  conftest.cpp
configure:15395: $? = 0
configure:15409: g++ -E  conftest.cpp
conftest.cpp:27:28: fatal error: ac_nonexistent.h: No such file or directory
 #include <ac_nonexistent.h>
                            ^
compilation terminated.
configure:15409: $? = 1
configure: failed program was:
| /* confdefs.h */
| #define PACKAGE_NAME "Protocol Buffers"
| #define PACKAGE_TARNAME "protobuf"
| #define PACKAGE_VERSION "3.7.0"
| #define PACKAGE_STRING "Protocol Buffers 3.7.0"
| #define PACKAGE_BUGREPORT "protobuf@googlegroups.com"
| #define PACKAGE_URL ""
| #define PACKAGE "protobuf"
| #define VERSION "3.7.0"
| #define STDC_HEADERS 1
| #define HAVE_SYS_TYPES_H 1
| #define HAVE_SYS_STAT_H 1
| #define HAVE_STDLIB_H 1
| #define HAVE_STRING_H 1
| #define HAVE_MEMORY_H 1
| #define HAVE_STRINGS_H 1
| #define HAVE_INTTYPES_H 1
| #define HAVE_STDINT_H 1
| #define HAVE_UNISTD_H 1
| #define __EXTENSIONS__ 1
| #define _ALL_SOURCE 1
| #define _GNU_SOURCE 1
| #define _POSIX_PTHREAD_SEMANTICS 1
| #define _TANDEM_SOURCE 1
| #define LT_OBJDIR ".libs/"
| /* end confdefs.h.  */
| #include <ac_nonexistent.h>
configure:15571: checking for ld used by g++
configure:15638: result: C:/msys64/mingw64/x86_64-w64-mingw32/bin/ld.exe
configure:15645: checking if the linker (C:/msys64/mingw64/x86_64-w64-mingw32/bin/ld.exe) is GNU ld
configure:15660: result: yes
configure:15715: checking whether the g++ linker (C:/msys64/mingw64/x86_64-w64-mingw32/bin/ld.exe) supports shared libraries
configure:16788: result: yes
configure:16824: g++ -c  -g -std=c++11 -DNDEBUG  conftest.cpp >&5
configure:16827: $? = 0
configure:17308: checking for g++ option to produce PIC
configure:17315: result: -DDLL_EXPORT -DPIC
configure:17323: checking if g++ PIC flag -DDLL_EXPORT -DPIC works
configure:17341: g++ -c  -g -std=c++11 -DNDEBUG  -DDLL_EXPORT -DPIC -DPIC conftest.cpp >&5
configure:17345: $? = 0
configure:17358: result: yes
configure:17381: checking if g++ static flag -static works
configure:17409: result: yes
configure:17421: checking if g++ supports -c -o file.o
configure:17442: g++ -c  -g -std=c++11 -DNDEBUG  -o out/conftest2.o conftest.cpp >&5
configure:17446: $? = 0
configure:17468: result: yes
configure:17473: checking if g++ supports -c -o file.o
configure:17520: result: yes
configure:17550: checking whether the g++ linker (C:/msys64/mingw64/x86_64-w64-mingw32/bin/ld.exe) supports shared libraries
configure:17593: result: yes
configure:17734: checking dynamic linker characteristics
configure:18491: result: Win32 ld.exe
configure:18556: checking how to hardcode library paths into programs
configure:18581: result: immediate
configure:18644: checking whether the linker supports version scripts
configure:18660: g++ -o conftest.exe  -g -std=c++11 -DNDEBUG   -Wl,--version-script=conftest.map conftest.cpp  >&5
configure:18660: $? = 0
configure:18661: result: yes
configure:18680: checking for ANSI C header files
configure:18784: result: yes
configure:18795: checking fcntl.h usability
configure:18795: g++ -c  -g -std=c++11 -DNDEBUG  conftest.cpp >&5
configure:18795: $? = 0
configure:18795: result: yes
configure:18795: checking fcntl.h presence
configure:18795: g++ -E  conftest.cpp
configure:18795: $? = 0
configure:18795: result: yes
configure:18795: checking for fcntl.h
configure:18795: result: yes
configure:18795: checking for inttypes.h
configure:18795: result: yes
configure:18795: checking limits.h usability
configure:18795: g++ -c  -g -std=c++11 -DNDEBUG  conftest.cpp >&5
configure:18795: $? = 0
configure:18795: result: yes
configure:18795: checking limits.h presence
configure:18795: g++ -E  conftest.cpp
configure:18795: $? = 0
configure:18795: result: yes
configure:18795: checking for limits.h
configure:18795: result: yes
configure:18795: checking for stdlib.h
configure:18795: result: yes
configure:18795: checking for unistd.h
configure:18795: result: yes
configure:18807: checking for working memcmp
configure:18850: g++ -o conftest.exe  -g -std=c++11 -DNDEBUG   conftest.cpp  >&5
configure:18850: $? = 0
configure:18850: ./conftest.exe
configure:18850: $? = 0
configure:18860: result: yes
configure:18869: checking for working strtod
configure:18910: g++ -o conftest.exe  -g -std=c++11 -DNDEBUG   conftest.cpp  >&5
conftest.cpp: In function 'int main()':
conftest.cpp:75:20: warning: deprecated conversion from string constant to 'char*' [-Wwrite-strings]
     char *string = " +69";
                    ^
conftest.cpp:86:20: warning: deprecated conversion from string constant to 'char*' [-Wwrite-strings]
     char *string = "NaN";
                    ^
configure:18910: $? = 0
configure:18910: ./conftest.exe
configure:18910: $? = 0
configure:18920: result: yes
configure:18985: checking for ftruncate
configure:18985: g++ -o conftest.exe  -g -std=c++11 -DNDEBUG   conftest.cpp  >&5
configure:18985: $? = 0
configure:18985: result: yes
configure:18985: checking for memset
configure:18985: g++ -o conftest.exe  -g -std=c++11 -DNDEBUG   conftest.cpp  >&5
configure:18985: $? = 0
configure:18985: result: yes
configure:18985: checking for mkdir
configure:18985: g++ -o conftest.exe  -g -std=c++11 -DNDEBUG   conftest.cpp  >&5
configure:18985: $? = 0
configure:18985: result: yes
configure:18985: checking for strchr
configure:18985: g++ -o conftest.exe  -g -std=c++11 -DNDEBUG   conftest.cpp  >&5
configure:18985: $? = 0
configure:18985: result: yes
configure:18985: checking for strerror
configure:18985: g++ -o conftest.exe  -g -std=c++11 -DNDEBUG   conftest.cpp  >&5
configure:18985: $? = 0
configure:18985: result: yes
configure:18985: checking for strtol
configure:18985: g++ -o conftest.exe  -g -std=c++11 -DNDEBUG   conftest.cpp  >&5
configure:18985: $? = 0
configure:18985: result: yes
configure:18999: checking zlib version
configure:19019: g++ -c  -g -std=c++11 -DNDEBUG  conftest.cpp >&5
configure:19019: $? = 0
configure:19021: result: ok (1.2.0.4 or later)
configure:19025: checking for library containing zlibVersion
configure:19056: g++ -o conftest.exe  -g -std=c++11 -DNDEBUG   conftest.cpp  >&5
C:\msys64\tmp\cc6O5EXj.o: In function `main':
C:\deps\protobuf-3.7.0/conftest.cpp:50: undefined reference to `zlibVersion'
collect2.exe: error: ld returned 1 exit status
configure:19056: $? = 1
configure: failed program was:
| /* confdefs.h */
| #define PACKAGE_NAME "Protocol Buffers"
| #define PACKAGE_TARNAME "protobuf"
| #define PACKAGE_VERSION "3.7.0"
| #define PACKAGE_STRING "Protocol Buffers 3.7.0"
| #define PACKAGE_BUGREPORT "protobuf@googlegroups.com"
| #define PACKAGE_URL ""
| #define PACKAGE "protobuf"
| #define VERSION "3.7.0"
| #define STDC_HEADERS 1
| #define HAVE_SYS_TYPES_H 1
| #define HAVE_SYS_STAT_H 1
| #define HAVE_STDLIB_H 1
| #define HAVE_STRING_H 1
| #define HAVE_MEMORY_H 1
| #define HAVE_STRINGS_H 1
| #define HAVE_INTTYPES_H 1
| #define HAVE_STDINT_H 1
| #define HAVE_UNISTD_H 1
| #define __EXTENSIONS__ 1
| #define _ALL_SOURCE 1
| #define _GNU_SOURCE 1
| #define _POSIX_PTHREAD_SEMANTICS 1
| #define _TANDEM_SOURCE 1
| #define LT_OBJDIR ".libs/"
| #define STDC_HEADERS 1
| #define HAVE_FCNTL_H 1
| #define HAVE_INTTYPES_H 1
| #define HAVE_LIMITS_H 1
| #define HAVE_STDLIB_H 1
| #define HAVE_UNISTD_H 1
| #define HAVE_FTRUNCATE 1
| #define HAVE_MEMSET 1
| #define HAVE_MKDIR 1
| #define HAVE_STRCHR 1
| #define HAVE_STRERROR 1
| #define HAVE_STRTOL 1
| /* end confdefs.h.  */
| 
| /* Override any GCC internal prototype to avoid an error.
|    Use char because int might match the return type of a GCC
|    builtin and then its argument prototype would still apply.  */
| #ifdef __cplusplus
| extern "C"
| #endif
| char zlibVersion ();
| int
| main ()
| {
| return zlibVersion ();
|   ;
|   return 0;
| }
configure:19056: g++ -o conftest.exe  -g -std=c++11 -DNDEBUG   conftest.cpp -lz   >&5
configure:19056: $? = 0
configure:19073: result: -lz
configure:19127: checking whether -latomic is needed
configure:19140: g++ -o conftest.exe  -g -std=c++11 -DNDEBUG   conftest.cpp -lz  >&5
configure:19140: $? = 0
configure:19147: result: no
configure:19370: checking whether gcc is Clang
configure:19395: result: no
configure:19518: checking whether pthreads work with -pthread
configure:19612: gcc -o conftest.exe  -pthread   conftest.c  -lz  >&5
configure:19612: $? = 0
configure:19621: result: yes
configure:19640: checking for joinable pthread attribute
configure:19658: gcc -o conftest.exe  -pthread   conftest.c  -lz  >&5
configure:19658: $? = 0
configure:19666: result: PTHREAD_CREATE_JOINABLE
configure:19680: checking whether more special flags are required for pthreads
configure:19693: result: no
configure:19701: checking for PTHREAD_PRIO_INHERIT
configure:19717: gcc -o conftest.exe  -pthread   conftest.c  -lz  >&5
configure:19717: $? = 0
configure:19726: result: yes
configure:19838: checking the location of hash_map
configure:19864: g++ -c  -g -std=c++11 -DNDEBUG  conftest.cpp >&5
configure:19864: $? = 0
configure:19886: g++ -c  -g -std=c++11 -DNDEBUG  conftest.cpp >&5
configure:19886: $? = 0
configure:19953: result: <unordered_map>
configure:19986: checking whether g++ supports C++11 features by default
configure:20299: g++ -c  -g -std=c++11 -DNDEBUG  conftest.cpp >&5
configure:20299: $? = 0
configure:20306: result: yes
configure:20800: checking that generated files are newer than configure
configure:20806: result: done
configure:20869: creating ./config.status

## ---------------------- ##
## Running config.status. ##
## ---------------------- ##

This file was extended by Protocol Buffers config.status 3.7.0, which was
generated by GNU Autoconf 2.69.  Invocation command line was

  CONFIG_FILES    = 
  CONFIG_HEADERS  = 
  CONFIG_LINKS    = 
  CONFIG_COMMANDS = 
  $ ./config.status 

on DESKTOP-O7AGAIP

config.status:1248: creating Makefile
config.status:1248: creating src/Makefile
config.status:1248: creating benchmarks/Makefile
config.status:1248: creating conformance/Makefile
config.status:1248: creating protobuf.pc
config.status:1248: creating protobuf-lite.pc
config.status:1248: creating config.h
config.status:1477: executing depfiles commands
config.status:1477: executing libtool commands
configure:23347: === configuring in third_party/googletest (/c/deps/protobuf-3.7.0/third_party/googletest)
configure:23410: running /bin/sh ./configure --disable-option-checking '--prefix=/mingw64'  '--disable-shared' --cache-file=/dev/null --srcdir=.

## ---------------- ##
## Cache variables. ##
## ---------------- ##

ac_cv_build=x86_64-w64-mingw32
ac_cv_build_prog_CPP='gcc -E'
ac_cv_build_prog_CXXCPP='g++ -E'
ac_cv_build_prog_cc_g=yes
ac_cv_build_prog_cxx_g=yes
ac_cv_c_compiler_gnu=yes
ac_cv_cxx_compiler_gnu=yes
ac_cv_cxx_hash_map='<unordered_map>'
ac_cv_cxx_hash_map_class=unordered_map
ac_cv_cxx_hash_namespace=std
ac_cv_cxx_hash_set='<unordered_set>'
ac_cv_cxx_hash_set_class=unordered_set
ac_cv_env_CCC_set=
ac_cv_env_CCC_value=
ac_cv_env_CC_set=
ac_cv_env_CC_value=
ac_cv_env_CFLAGS_set=
ac_cv_env_CFLAGS_value=
ac_cv_env_CPPFLAGS_set=
ac_cv_env_CPPFLAGS_value=
ac_cv_env_CPP_set=
ac_cv_env_CPP_value=
ac_cv_env_CXXCPP_set=
ac_cv_env_CXXCPP_value=
ac_cv_env_CXXFLAGS_set=
ac_cv_env_CXXFLAGS_value=
ac_cv_env_CXX_set=
ac_cv_env_CXX_value=
ac_cv_env_DIST_LANG_set=
ac_cv_env_DIST_LANG_value=
ac_cv_env_LDFLAGS_set=
ac_cv_env_LDFLAGS_value=
ac_cv_env_LIBS_set=
ac_cv_env_LIBS_value=
ac_cv_env_LT_SYS_LIBRARY_PATH_set=
ac_cv_env_LT_SYS_LIBRARY_PATH_value=
ac_cv_env_OBJCFLAGS_set=
ac_cv_env_OBJCFLAGS_value=
ac_cv_env_OBJC_set=
ac_cv_env_OBJC_value=
ac_cv_env_build_alias_set=
ac_cv_env_build_alias_value=
ac_cv_env_host_alias_set=
ac_cv_env_host_alias_value=
ac_cv_env_target_alias_set=
ac_cv_env_target_alias_value=
ac_cv_exeext=.exe
ac_cv_func_ftruncate=yes
ac_cv_func_memcmp_working=yes
ac_cv_func_memset=yes
ac_cv_func_mkdir=yes
ac_cv_func_strchr=yes
ac_cv_func_strerror=yes
ac_cv_func_strtod=yes
ac_cv_func_strtol=yes
ac_cv_have_decl___SUNPRO_CC=no
ac_cv_header_dlfcn_h=no
ac_cv_header_fcntl_h=yes
ac_cv_header_inttypes_h=yes
ac_cv_header_limits_h=yes
ac_cv_header_memory_h=yes
ac_cv_header_minix_config_h=no
ac_cv_header_stdc=yes
ac_cv_header_stdint_h=yes
ac_cv_header_stdlib_h=yes
ac_cv_header_string_h=yes
ac_cv_header_strings_h=yes
ac_cv_header_sys_stat_h=yes
ac_cv_header_sys_types_h=yes
ac_cv_header_unistd_h=yes
ac_cv_host=x86_64-w64-mingw32
ac_cv_objc_compiler_gnu=yes
ac_cv_objext=o
ac_cv_path_EGREP='/usr/bin/grep -E'
ac_cv_path_FGREP='/usr/bin/grep -F'
ac_cv_path_GREP=/usr/bin/grep
ac_cv_path_SED=/usr/bin/sed
ac_cv_path_install='/usr/bin/install -c'
ac_cv_path_mkdir=/usr/bin/mkdir
ac_cv_prog_AWK=gawk
ac_cv_prog_CPP='gcc -E'
ac_cv_prog_CXXCPP='g++ -E'
ac_cv_prog_ac_ct_AR=ar
ac_cv_prog_ac_ct_CC=gcc
ac_cv_prog_ac_ct_CC_FOR_BUILD=gcc
ac_cv_prog_ac_ct_CXX=g++
ac_cv_prog_ac_ct_CXX_FOR_BUILD=g++
ac_cv_prog_ac_ct_DLLTOOL=dlltool
ac_cv_prog_ac_ct_OBJC=gcc
ac_cv_prog_ac_ct_OBJDUMP=objdump
ac_cv_prog_ac_ct_RANLIB=ranlib
ac_cv_prog_ac_ct_STRIP=strip
ac_cv_prog_cc_c89=
ac_cv_prog_cc_g=yes
ac_cv_prog_cxx_g=yes
ac_cv_prog_make_make_set=no
ac_cv_prog_objc_g=yes
ac_cv_safe_to_define___extensions__=yes
ac_cv_search_zlibVersion=-lz
ac_cv_target=x86_64-w64-mingw32
am_cv_CC_dependencies_compiler_type=none
am_cv_CXX_dependencies_compiler_type=none
am_cv_OBJC_dependencies_compiler_type=none
am_cv_ar_interface=ar
am_cv_make_support_nested_variables=no
am_cv_prog_cc_c_o=yes
am_cv_prog_tar_ustar=gnutar
ax_cv_PTHREAD_CLANG=no
ax_cv_PTHREAD_JOINABLE_ATTR=PTHREAD_CREATE_JOINABLE
ax_cv_PTHREAD_PRIO_INHERIT=yes
ax_cv_PTHREAD_SPECIAL_FLAGS=no
ax_cv_cxx_compile_cxx11=yes
lt_cv_ar_at_file=@
lt_cv_deplibs_check_method='file_magic ^x86 archive import|^x86 DLL'
lt_cv_file_magic_cmd=func_win32_libid
lt_cv_file_magic_test_file=
lt_cv_ld_reload_flag=-r
lt_cv_nm_interface='BSD nm'
lt_cv_objdir=.libs
lt_cv_path_LD=C:/msys64/mingw64/x86_64-w64-mingw32/bin/ld.exe
lt_cv_path_LDCXX=C:/msys64/mingw64/x86_64-w64-mingw32/bin/ld.exe
lt_cv_path_NM='/mingw64/bin/nm -B'
lt_cv_path_mainfest_tool=no
lt_cv_prog_compiler_c_o=yes
lt_cv_prog_compiler_c_o_CXX=yes
lt_cv_prog_compiler_pic='-DDLL_EXPORT -DPIC'
lt_cv_prog_compiler_pic_CXX='-DDLL_EXPORT -DPIC'
lt_cv_prog_compiler_pic_works=yes
lt_cv_prog_compiler_pic_works_CXX=yes
lt_cv_prog_compiler_rtti_exceptions=no
lt_cv_prog_compiler_static_works=yes
lt_cv_prog_compiler_static_works_CXX=yes
lt_cv_prog_gnu_ld=yes
lt_cv_prog_gnu_ldcxx=yes
lt_cv_sharedlib_from_linklib_cmd=func_cygming_dll_for_implib
lt_cv_sys_global_symbol_pipe='sed -n -e '\''s/^.*[	 ]\([ABCDGIRSTW][ABCDGIRSTW]*\)[	 ][	 ]*\([_A-Za-z][_A-Za-z0-9]*\)\{0,1\}$/\1 \2 \2/p'\'' | sed '\''/ __gnu_lto/d'\'''
lt_cv_sys_global_symbol_to_c_name_address='sed -n -e '\''s/^: \(.*\) .*$/  {"\1", (void *) 0},/p'\'' -e '\''s/^[ABCDGIRSTW][ABCDGIRSTW]* .* \(.*\)$/  {"\1", (void *) \&\1},/p'\'''
lt_cv_sys_global_symbol_to_c_name_address_lib_prefix='sed -n -e '\''s/^: \(.*\) .*$/  {"\1", (void *) 0},/p'\'' -e '\''s/^[ABCDGIRSTW][ABCDGIRSTW]* .* \(lib.*\)$/  {"\1", (void *) \&\1},/p'\'' -e '\''s/^[ABCDGIRSTW][ABCDGIRSTW]* .* \(.*\)$/  {"lib\1", (void *) \&\1},/p'\'''
lt_cv_sys_global_symbol_to_cdecl='sed -n -e '\''s/^T .* \(.*\)$/extern int \1();/p'\'' -e '\''s/^[ABCDGIRSTW][ABCDGIRSTW]* .* \(.*\)$/extern char \1;/p'\'''
lt_cv_sys_global_symbol_to_import=
lt_cv_sys_max_cmd_len=8192
lt_cv_to_host_file_cmd=func_convert_file_msys_to_w32
lt_cv_to_tool_file_cmd=func_convert_file_msys_to_w32
lt_cv_truncate_bin='/usr/bin/sed -e 4q'

## ----------------- ##
## Output variables. ##
## ----------------- ##

ACLOCAL='${SHELL} /c/deps/protobuf-3.7.0/missing aclocal-1.15'
AMDEPBACKSLASH='\'
AMDEP_FALSE='#'
AMDEP_TRUE=''
AMTAR='$${TAR-tar}'
AM_BACKSLASH='\'
AM_DEFAULT_V='1'
AM_DEFAULT_VERBOSITY='1'
AM_V='1'
AR='ar'
AUTOCONF='${SHELL} /c/deps/protobuf-3.7.0/missing autoconf'
AUTOHEADER='${SHELL} /c/deps/protobuf-3.7.0/missing autoheader'
AUTOMAKE='${SHELL} /c/deps/protobuf-3.7.0/missing automake-1.15'
AWK='gawk'
BUILD_EXEEXT=''
BUILD_OBJEXT=''
CC='gcc'
CCDEPMODE='depmode=none'
CC_FOR_BUILD='gcc'
CFLAGS=''
CFLAGS_FOR_BUILD='-g -O2'
CPP='gcc -E'
CPPFLAGS=''
CPPFLAGS_FOR_BUILD=''
CPP_FOR_BUILD='gcc -E'
CXX='g++'
CXXCPP='g++ -E'
CXXCPPFLAGS_FOR_BUILD=''
CXXCPP_FOR_BUILD='g++ -E'
CXXDEPMODE='depmode=none'
CXXFLAGS=' -g -std=c++11 -DNDEBUG'
CXXFLAGS_FOR_BUILD='-g -O2'
CXX_FOR_BUILD='g++'
CYGPATH_W='cygpath -w'
DEFS='-DHAVE_CONFIG_H'
DEPDIR='.deps'
DIST_LANG='all'
DLLTOOL='dlltool'
DSYMUTIL=''
DUMPBIN=''
ECHO_C=''
ECHO_N='-n'
ECHO_T=''
EGREP='/usr/bin/grep -E'
EXEEXT='.exe'
FGREP='/usr/bin/grep -F'
GCC_FALSE='#'
GCC_TRUE=''
GREP='/usr/bin/grep'
HAVE_CXX11='1'
HAVE_LD_VERSION_SCRIPT_FALSE='#'
HAVE_LD_VERSION_SCRIPT_TRUE=''
HAVE_PTHREAD_FALSE='#'
HAVE_PTHREAD_TRUE=''
HAVE_ZLIB_FALSE='#'
HAVE_ZLIB_TRUE=''
INSTALL_DATA='${INSTALL} -m 644'
INSTALL_PROGRAM='${INSTALL}'
INSTALL_SCRIPT='${INSTALL}'
INSTALL_STRIP_PROGRAM='$(install_sh) -c -s'
ISAINFO=''
LD='C:/msys64/mingw64/x86_64-w64-mingw32/bin/ld.exe'
LDFLAGS=''
LDFLAGS_FOR_BUILD=''
LIBATOMIC_LIBS=''
LIBOBJS=''
LIBS='-lz '
LIBTOOL='$(SHELL) $(top_builddir)/libtool'
LIPO=''
LN_S='cp -pR'
LTLIBOBJS=''
LT_SYS_LIBRARY_PATH=''
MAINT=''
MAINTAINER_MODE_FALSE='#'
MAINTAINER_MODE_TRUE=''
MAKEINFO='${SHELL} /c/deps/protobuf-3.7.0/missing makeinfo'
MANIFEST_TOOL=':'
MKDIR_P='/usr/bin/mkdir -p'
NM='/mingw64/bin/nm -B'
NMEDIT=''
OBJC='gcc'
OBJCDEPMODE='depmode=none'
OBJCFLAGS='-g -O2'
OBJC_CONFORMANCE_TEST_FALSE=''
OBJC_CONFORMANCE_TEST_TRUE='#'
OBJDUMP='objdump'
OBJEXT='o'
OTOOL64=''
OTOOL=''
PACKAGE='protobuf'
PACKAGE_BUGREPORT='protobuf@googlegroups.com'
PACKAGE_NAME='Protocol Buffers'
PACKAGE_STRING='Protocol Buffers 3.7.0'
PACKAGE_TARNAME='protobuf'
PACKAGE_URL=''
PACKAGE_VERSION='3.7.0'
PATH_SEPARATOR=':'
POW_LIB=''
PROTOBUF_OPT_FLAG='-O2'
PROTOC=''
PTHREAD_CC='gcc'
PTHREAD_CFLAGS='-pthread'
PTHREAD_LIBS=''
RANLIB='ranlib'
SED='/usr/bin/sed'
SET_MAKE='MAKE=make'
SHELL='/bin/sh'
STRIP='strip'
USE_EXTERNAL_PROTOC_FALSE=''
USE_EXTERNAL_PROTOC_TRUE='#'
VERSION='3.7.0'
ac_ct_AR='ar'
ac_ct_CC='gcc'
ac_ct_CC_FOR_BUILD='gcc'
ac_ct_CXX='g++'
ac_ct_CXX_FOR_BUILD='g++'
ac_ct_DUMPBIN=''
ac_ct_OBJC='gcc'
am__EXEEXT_FALSE='#'
am__EXEEXT_TRUE=''
am__fastdepCC_FALSE=''
am__fastdepCC_TRUE='#'
am__fastdepCXX_FALSE=''
am__fastdepCXX_TRUE='#'
am__fastdepOBJC_FALSE=''
am__fastdepOBJC_TRUE='#'
am__include='#'
am__isrc=''
am__leading_dot='.'
am__nodep='_no'
am__quote=''
am__tar='tar --format=ustar -chf - "$$tardir"'
am__untar='tar -xf -'
ax_pthread_config=''
bindir='${exec_prefix}/bin'
build='x86_64-w64-mingw32'
build_alias='x86_64-w64-mingw32'
build_cpu='x86_64'
build_os='mingw32'
build_vendor='w64'
datadir='${datarootdir}'
datarootdir='${prefix}/share'
docdir='${datarootdir}/doc/${PACKAGE_TARNAME}'
dvidir='${docdir}'
exec_prefix='${prefix}'
host='x86_64-w64-mingw32'
host_alias=''
host_cpu='x86_64'
host_os='mingw32'
host_vendor='w64'
htmldir='${docdir}'
includedir='${prefix}/include'
infodir='${datarootdir}/info'
install_sh='${SHELL} /c/deps/protobuf-3.7.0/install-sh'
libdir='${exec_prefix}/lib'
libexecdir='${exec_prefix}/libexec'
localedir='${datarootdir}/locale'
localstatedir='${prefix}/var'
mandir='${datarootdir}/man'
mkdir_p='$(MKDIR_P)'
oldincludedir='/usr/include'
pdfdir='${docdir}'
prefix='/mingw64'
program_transform_name='s,x,x,'
psdir='${docdir}'
runstatedir='${localstatedir}/run'
sbindir='${exec_prefix}/sbin'
sharedstatedir='${prefix}/com'
subdirs=' third_party/googletest'
sysconfdir='${prefix}/etc'
target='x86_64-w64-mingw32'
target_alias=''
target_cpu='x86_64'
target_os='mingw32'
target_vendor='w64'

## ----------- ##
## confdefs.h. ##
## ----------- ##

/* confdefs.h */
#define PACKAGE_NAME "Protocol Buffers"
#define PACKAGE_TARNAME "protobuf"
#define PACKAGE_VERSION "3.7.0"
#define PACKAGE_STRING "Protocol Buffers 3.7.0"
#define PACKAGE_BUGREPORT "protobuf@googlegroups.com"
#define PACKAGE_URL ""
#define PACKAGE "protobuf"
#define VERSION "3.7.0"
#define STDC_HEADERS 1
#define HAVE_SYS_TYPES_H 1
#define HAVE_SYS_STAT_H 1
#define HAVE_STDLIB_H 1
#define HAVE_STRING_H 1
#define HAVE_MEMORY_H 1
#define HAVE_STRINGS_H 1
#define HAVE_INTTYPES_H 1
#define HAVE_STDINT_H 1
#define HAVE_UNISTD_H 1
#define __EXTENSIONS__ 1
#define _ALL_SOURCE 1
#define _GNU_SOURCE 1
#define _POSIX_PTHREAD_SEMANTICS 1
#define _TANDEM_SOURCE 1
#define LT_OBJDIR ".libs/"
#define STDC_HEADERS 1
#define HAVE_FCNTL_H 1
#define HAVE_INTTYPES_H 1
#define HAVE_LIMITS_H 1
#define HAVE_STDLIB_H 1
#define HAVE_UNISTD_H 1
#define HAVE_FTRUNCATE 1
#define HAVE_MEMSET 1
#define HAVE_MKDIR 1
#define HAVE_STRCHR 1
#define HAVE_STRERROR 1
#define HAVE_STRTOL 1
#define HAVE_ZLIB 1
#define HAVE_PTHREAD_PRIO_INHERIT 1
#define HAVE_PTHREAD 1
#define HAVE_HASH_MAP 1
#define HAVE_HASH_SET 1
#define HASH_MAP_H <unordered_map>
#define HASH_SET_H <unordered_set>
#define HASH_NAMESPACE std
#define HASH_MAP_CLASS unordered_map
#define HASH_SET_CLASS unordered_set
#define HAVE_CXX11 1

configure: exit 0
