This file contains any messages produced by compilers while
running configure, to aid debugging if configure makes a mistake.

It was created by QRencode configure 4.1.1, which was
generated by GNU Autoconf 2.69.  Invocation command line was

  $ ./configure --enable-static --disable-shared --without-tools MAKE=mingw32-make

## --------- ##
## Platform. ##
## --------- ##

hostname = DESKTOP-O7AGAIP
uname -m = x86_64
uname -r = 3.4.7.x86_64
uname -s = MINGW64_NT-10.0-19045
uname -v = 2023-07-14 16:57 UTC

/usr/bin/uname -p = unknown
/bin/uname -X     = unknown

/bin/arch              = x86_64
/usr/bin/arch -k       = unknown
/usr/convex/getsysinfo = unknown
/usr/bin/hostinfo      = unknown
/bin/machine           = unknown
/usr/bin/oslevel       = unknown
/bin/universe          = unknown

PATH: /mingw64/bin
PATH: /usr/local/bin
PATH: /usr/bin
PATH: /bin
PATH: /c/Windows/System32
PATH: /c/Windows
PATH: /c/Windows/System32/Wbem
PATH: /c/Windows/System32/WindowsPowerShell/v1.0/
PATH: /usr/bin/site_perl
PATH: /usr/bin/vendor_perl
PATH: /usr/bin/core_perl


## ----------- ##
## Core tests. ##
## ----------- ##

configure:2193: loading site script /etc/config.site
| # This file is in public domain.
| # Original author: Karlson2k (Evgeny Grin)
| # Written for MSys2 to help running 'configure' scripts
| 
| # Defaults for MSys2/MinGW64-targeted programs
| 
| # Set proper selfname on bash and fallback to default name on other shells
| test -n "${BASH_SOURCE}" 2>/dev/null && config_site_me="${BASH_SOURCE[0]##*/}" || config_site_me=config.site
| 
| # Set default 'host' to speedup configure
| if test -z "$build_alias"; then
|   build_alias="${MSYSTEM_CHOST}"  && \
|     ${as_echo-echo} "$config_site_me:${as_lineno-$LINENO}: default build_alias set to $build_alias" >&5
| fi
| 
| # Set default 'prefix'
| if ( test -z "$prefix" || test "x$prefix" = "xNONE" ) && \
|     ( test -z "$exec_prefix" || test "x$exec_prefix" = "xNONE" ); then
|   prefix="${MSYSTEM_PREFIX}" && \
|     ${as_echo-echo} "$config_site_me:${as_lineno-$LINENO}: default prefix set to $prefix" >&5
| fi
config.site:13: default build_alias set to x86_64-w64-mingw32
config.site:20: default prefix set to /mingw64
configure:2349: checking build system type
configure:2363: result: x86_64-w64-mingw32
configure:2383: checking host system type
configure:2396: result: x86_64-w64-mingw32
configure:2416: checking target system type
configure:2429: result: x86_64-w64-mingw32
configure:2472: checking for a BSD-compatible install
configure:2540: result: /usr/bin/install -c
configure:2551: checking whether build environment is sane
configure:2606: result: yes
configure:2757: checking for a thread-safe mkdir -p
configure:2796: result: /usr/bin/mkdir -p
configure:2803: checking for gawk
configure:2819: found /usr/bin/gawk
configure:2830: result: gawk
configure:2841: checking whether mingw32-make sets $(MAKE)
configure:2863: result: yes
configure:2892: checking whether mingw32-make supports nested variables
configure:2909: result: yes
configure:3071: checking whether mingw32-make supports the include directive
configure:3086: mingw32-make -f confmf.GNU && cat confinc.out
this is the am__doit target
configure:3089: $? = 0
configure:3108: result: yes (GNU style)
configure:3178: checking for gcc
configure:3194: found /mingw64/bin/gcc
configure:3205: result: gcc
configure:3434: checking for C compiler version
configure:3443: gcc --version >&5
gcc.exe (x86_64-posix-seh-rev4, Built by MinGW-W64 project) 4.8.2
Copyright (C) 2013 Free Software Foundation, Inc.
This is free software; see the source for copying conditions.  There is NO
warranty; not even for MERCHANTABILITY or FITNESS FOR A PARTICULAR PURPOSE.

configure:3454: $? = 0
configure:3443: gcc -v >&5
Using built-in specs.
COLLECT_GCC=C:\msys64\mingw64\bin\gcc.exe
COLLECT_LTO_WRAPPER=C:/msys64/mingw64/bin/../libexec/gcc/x86_64-w64-mingw32/4.8.2/lto-wrapper.exe
Target: x86_64-w64-mingw32
Configured with: ../../../src/gcc-4.8.2/configure --host=x86_64-w64-mingw32 --build=x86_64-w64-mingw32 --target=x86_64-w64-mingw32 --prefix=/mingw64 --with-sysroot=/c/mingw482/x86_64-482-posix-seh-rt_v3-rev4/mingw64 --with-gxx-include-dir=/mingw64/x86_64-w64-mingw32/include/c++ --enable-shared --enable-static --disable-multilib --enable-languages=ada,c,c++,fortran,objc,obj-c++,lto --enable-libstdcxx-time=yes --enable-threads=posix --enable-libgomp --enable-libatomic --enable-lto --enable-graphite --enable-checking=release --enable-fully-dynamic-string --enable-version-specific-runtime-libs --disable-isl-version-check --disable-cloog-version-check --disable-libstdcxx-pch --disable-libstdcxx-debug --enable-bootstrap --disable-rpath --disable-win32-registry --disable-nls --disable-werror --disable-symvers --with-gnu-as --with-gnu-ld --with-arch=nocona --with-tune=core2 --with-libiconv --with-system-zlib --with-gmp=/c/mingw482/prerequisites/x86_64-w64-mingw32-static --with-mpfr=/c/mingw482/prerequisites/x86_64-w64-mingw32-static --with-mpc=/c/mingw482/prerequisites/x86_64-w64-mingw32-static --with-isl=/c/mingw482/prerequisites/x86_64-w64-mingw32-static --with-cloog=/c/mingw482/prerequisites/x86_64-w64-mingw32-static --enable-cloog-backend=isl --with-pkgversion='x86_64-posix-seh-rev4, Built by MinGW-W64 project' --with-bugurl=http://sourceforge.net/projects/mingw-w64 CFLAGS='-O2 -pipe -I/c/mingw482/x86_64-482-posix-seh-rt_v3-rev4/mingw64/opt/include -I/c/mingw482/prerequisites/x86_64-zlib-static/include -I/c/mingw482/prerequisites/x86_64-w64-mingw32-static/include' CXXFLAGS='-O2 -pipe -I/c/mingw482/x86_64-482-posix-seh-rt_v3-rev4/mingw64/opt/include -I/c/mingw482/prerequisites/x86_64-zlib-static/include -I/c/mingw482/prerequisites/x86_64-w64-mingw32-static/include' CPPFLAGS= LDFLAGS='-pipe -L/c/mingw482/x86_64-482-posix-seh-rt_v3-rev4/mingw64/opt/lib -L/c/mingw482/prerequisites/x86_64-zlib-static/lib -L/c/mingw482/prerequisites/x86_64-w64-mingw32-static/lib '
Thread model: posix
gcc version 4.8.2 (x86_64-posix-seh-rev4, Built by MinGW-W64 project) 
configure:3454: $? = 0
configure:3443: gcc -V >&5
gcc.exe: error: unrecognized command line option '-V'
gcc.exe: fatal error: no input files
compilation terminated.
configure:3454: $? = 1
configure:3443: gcc -qversion >&5
gcc.exe: error: unrecognized command line option '-qversion'
gcc.exe: fatal error: no input files
compilation terminated.
configure:3454: $? = 1
configure:3474: checking whether the C compiler works
configure:3496: gcc    conftest.c  >&5
configure:3500: $? = 0
configure:3548: result: yes
configure:3551: checking for C compiler default output file name
configure:3553: result: a.exe
configure:3559: checking for suffix of executables
configure:3566: gcc -o conftest.exe    conftest.c  >&5
configure:3570: $? = 0
configure:3592: result: .exe
configure:3614: checking whether we are cross compiling
configure:3622: gcc -o conftest.exe    conftest.c  >&5
configure:3626: $? = 0
configure:3633: ./conftest.exe
configure:3637: $? = 0
configure:3652: result: no
configure:3657: checking for suffix of object files
configure:3679: gcc -c   conftest.c >&5
configure:3683: $? = 0
configure:3704: result: o
configure:3708: checking whether we are using the GNU C compiler
configure:3727: gcc -c   conftest.c >&5
configure:3727: $? = 0
configure:3736: result: yes
configure:3745: checking whether gcc accepts -g
configure:3765: gcc -c -g  conftest.c >&5
configure:3765: $? = 0
configure:3806: result: yes
configure:3823: checking for gcc option to accept ISO C89
configure:3886: gcc  -c -g -O2  conftest.c >&5
configure:3886: $? = 0
configure:3899: result: none needed
configure:3924: checking whether gcc understands -c and -o together
configure:3946: gcc -c conftest.c -o conftest2.o
configure:3949: $? = 0
configure:3946: gcc -c conftest.c -o conftest2.o
configure:3949: $? = 0
configure:3961: result: yes
configure:3980: checking dependency style of gcc
configure:4091: result: gcc3
configure:4107: checking for an ANSI C-conforming const
configure:4173: gcc -c -g -O2  conftest.c >&5
configure:4173: $? = 0
configure:4180: result: yes
configure:4188: checking for inline
configure:4204: gcc -c -g -O2  conftest.c >&5
configure:4204: $? = 0
configure:4212: result: inline
configure:4235: checking how to run the C preprocessor
configure:4266: gcc -E  conftest.c
configure:4266: $? = 0
configure:4280: gcc -E  conftest.c
conftest.c:14:28: fatal error: ac_nonexistent.h: No such file or directory
 #include <ac_nonexistent.h>
                            ^
compilation terminated.
configure:4280: $? = 1
configure: failed program was:
| /* confdefs.h */
| #define PACKAGE_NAME "QRencode"
| #define PACKAGE_TARNAME "qrencode"
| #define PACKAGE_VERSION "4.1.1"
| #define PACKAGE_STRING "QRencode 4.1.1"
| #define PACKAGE_BUGREPORT ""
| #define PACKAGE_URL ""
| #define MAJOR_VERSION 4
| #define MINOR_VERSION 1
| #define MICRO_VERSION 1
| #define PACKAGE "qrencode"
| #define VERSION "4.1.1"
| /* end confdefs.h.  */
| #include <ac_nonexistent.h>
configure:4305: result: gcc -E
configure:4325: gcc -E  conftest.c
configure:4325: $? = 0
configure:4339: gcc -E  conftest.c
conftest.c:14:28: fatal error: ac_nonexistent.h: No such file or directory
 #include <ac_nonexistent.h>
                            ^
compilation terminated.
configure:4339: $? = 1
configure: failed program was:
| /* confdefs.h */
| #define PACKAGE_NAME "QRencode"
| #define PACKAGE_TARNAME "qrencode"
| #define PACKAGE_VERSION "4.1.1"
| #define PACKAGE_STRING "QRencode 4.1.1"
| #define PACKAGE_BUGREPORT ""
| #define PACKAGE_URL ""
| #define MAJOR_VERSION 4
| #define MINOR_VERSION 1
| #define MICRO_VERSION 1
| #define PACKAGE "qrencode"
| #define VERSION "4.1.1"
| /* end confdefs.h.  */
| #include <ac_nonexistent.h>
configure:4368: checking for grep that handles long lines and -e
configure:4426: result: /usr/bin/grep
configure:4431: checking for egrep
configure:4493: result: /usr/bin/grep -E
configure:4498: checking for ANSI C header files
configure:4518: gcc -c -g -O2  conftest.c >&5
configure:4518: $? = 0
configure:4591: gcc -o conftest.exe -g -O2   conftest.c  >&5
configure:4591: $? = 0
configure:4591: ./conftest.exe
configure:4591: $? = 0
configure:4602: result: yes
configure:4615: checking for sys/types.h
configure:4615: gcc -c -g -O2  conftest.c >&5
configure:4615: $? = 0
configure:4615: result: yes
configure:4615: checking for sys/stat.h
configure:4615: gcc -c -g -O2  conftest.c >&5
configure:4615: $? = 0
configure:4615: result: yes
configure:4615: checking for stdlib.h
configure:4615: gcc -c -g -O2  conftest.c >&5
configure:4615: $? = 0
configure:4615: result: yes
configure:4615: checking for string.h
configure:4615: gcc -c -g -O2  conftest.c >&5
configure:4615: $? = 0
configure:4615: result: yes
configure:4615: checking for memory.h
configure:4615: gcc -c -g -O2  conftest.c >&5
configure:4615: $? = 0
configure:4615: result: yes
configure:4615: checking for strings.h
configure:4615: gcc -c -g -O2  conftest.c >&5
configure:4615: $? = 0
configure:4615: result: yes
configure:4615: checking for inttypes.h
configure:4615: gcc -c -g -O2  conftest.c >&5
configure:4615: $? = 0
configure:4615: result: yes
configure:4615: checking for stdint.h
configure:4615: gcc -c -g -O2  conftest.c >&5
configure:4615: $? = 0
configure:4615: result: yes
configure:4615: checking for unistd.h
configure:4615: gcc -c -g -O2  conftest.c >&5
configure:4615: $? = 0
configure:4615: result: yes
configure:4629: checking sys/time.h usability
configure:4629: gcc -c -g -O2  conftest.c >&5
configure:4629: $? = 0
configure:4629: result: yes
configure:4629: checking sys/time.h presence
configure:4629: gcc -E  conftest.c
configure:4629: $? = 0
configure:4629: result: yes
configure:4629: checking for sys/time.h
configure:4629: result: yes
configure:4686: checking how to print strings
configure:4713: result: printf
configure:4734: checking for a sed that does not truncate output
configure:4798: result: /usr/bin/sed
configure:4816: checking for fgrep
configure:4878: result: /usr/bin/grep -F
configure:4913: checking for ld used by gcc
configure:4980: result: C:/msys64/mingw64/x86_64-w64-mingw32/bin/ld.exe
configure:4987: checking if the linker (C:/msys64/mingw64/x86_64-w64-mingw32/bin/ld.exe) is GNU ld
configure:5002: result: yes
configure:5014: checking for BSD- or MS-compatible name lister (nm)
configure:5068: result: /mingw64/bin/nm -B
configure:5198: checking the name lister (/mingw64/bin/nm -B) interface
configure:5205: gcc -c -g -O2  conftest.c >&5
configure:5208: /mingw64/bin/nm -B "conftest.o"
configure:5211: output
0000000000000000 b .bss
0000000000000000 d .data
0000000000000000 N .debug_abbrev
0000000000000000 N .debug_aranges
0000000000000000 N .debug_info
0000000000000000 N .debug_line
0000000000000000 r .rdata$zzz
0000000000000000 t .text
0000000000000000 B some_variable
configure:5218: result: BSD nm
configure:5221: checking whether ln -s works
configure:5228: result: no, using cp -pR
configure:5233: checking the maximum length of command line arguments
configure:5364: result: 8192
configure:5412: checking how to convert x86_64-w64-mingw32 file names to x86_64-w64-mingw32 format
configure:5452: result: func_convert_file_msys_to_w32
configure:5459: checking how to convert x86_64-w64-mingw32 file names to toolchain format
configure:5479: result: func_convert_file_msys_to_w32
configure:5486: checking for C:/msys64/mingw64/x86_64-w64-mingw32/bin/ld.exe option to reload object files
configure:5493: result: -r
configure:5567: checking for objdump
configure:5583: found /mingw64/bin/objdump
configure:5594: result: objdump
configure:5626: checking how to recognize dependent libraries
configure:5826: result: file_magic ^x86 archive import|^x86 DLL
configure:5911: checking for dlltool
configure:5927: found /mingw64/bin/dlltool
configure:5938: result: dlltool
configure:5971: checking how to associate runtime and link libraries
configure:5998: result: func_cygming_dll_for_implib
configure:6058: checking for ar
configure:6074: found /mingw64/bin/ar
configure:6085: result: ar
configure:6122: checking for archiver @FILE support
configure:6139: gcc -c -g -O2  conftest.c >&5
configure:6139: $? = 0
configure:6142: ar cr libconftest.a @conftest.lst >&5
configure:6145: $? = 0
configure:6150: ar cr libconftest.a @conftest.lst >&5
C:\msys64\mingw64\bin\ar.exe: conftest.o: No such file or directory
configure:6153: $? = 1
configure:6165: result: @
configure:6223: checking for strip
configure:6239: found /mingw64/bin/strip
configure:6250: result: strip
configure:6322: checking for ranlib
configure:6338: found /mingw64/bin/ranlib
configure:6349: result: ranlib
configure:6451: checking command to parse /mingw64/bin/nm -B output from gcc object
configure:6604: gcc -c -g -O2  conftest.c >&5
configure:6607: $? = 0
configure:6611: /mingw64/bin/nm -B conftest.o | sed -n -e 's/^.*[	 ]\([ABCDGIRSTW][ABCDGIRSTW]*\)[	 ][	 ]*\([_A-Za-z][_A-Za-z0-9]*\)\{0,1\}$/\1 \2 \2/p' | sed '/ __gnu_lto/d' > conftest.nm
configure:6677: gcc -o conftest.exe -g -O2   conftest.c conftstm.o >&5
configure:6680: $? = 0
configure:6718: result: ok
configure:6765: checking for sysroot
configure:6795: result: no
configure:6802: checking for a working dd
configure:6840: result: 
configure:6844: checking how to truncate binary pipes
configure:6859: result: /usr/bin/sed -e 4q
configure:7188: checking for mt
configure:7218: result: no
configure:7238: checking if : is a manifest tool
configure:7244: : '-?'
configure:7252: result: no
configure:7926: checking for dlfcn.h
configure:7926: gcc -c -g -O2  conftest.c >&5
conftest.c:59:19: fatal error: dlfcn.h: No such file or directory
 #include <dlfcn.h>
                   ^
compilation terminated.
configure:7926: $? = 1
configure: failed program was:
| /* confdefs.h */
| #define PACKAGE_NAME "QRencode"
| #define PACKAGE_TARNAME "qrencode"
| #define PACKAGE_VERSION "4.1.1"
| #define PACKAGE_STRING "QRencode 4.1.1"
| #define PACKAGE_BUGREPORT ""
| #define PACKAGE_URL ""
| #define MAJOR_VERSION 4
| #define MINOR_VERSION 1
| #define MICRO_VERSION 1
| #define PACKAGE "qrencode"
| #define VERSION "4.1.1"
| #define STDC_HEADERS 1
| #define HAVE_SYS_TYPES_H 1
| #define HAVE_SYS_STAT_H 1
| #define HAVE_STDLIB_H 1
| #define HAVE_STRING_H 1
| #define HAVE_MEMORY_H 1
| #define HAVE_STRINGS_H 1
| #define HAVE_INTTYPES_H 1
| #define HAVE_STDINT_H 1
| #define HAVE_UNISTD_H 1
| #define HAVE_SYS_TIME_H 1
| /* end confdefs.h.  */
| #include <stdio.h>
| #ifdef HAVE_SYS_TYPES_H
| # include <sys/types.h>
| #endif
| #ifdef HAVE_SYS_STAT_H
| # include <sys/stat.h>
| #endif
| #ifdef STDC_HEADERS
| # include <stdlib.h>
| # include <stddef.h>
| #else
| # ifdef HAVE_STDLIB_H
| #  include <stdlib.h>
| # endif
| #endif
| #ifdef HAVE_STRING_H
| # if !defined STDC_HEADERS && defined HAVE_MEMORY_H
| #  include <memory.h>
| # endif
| # include <string.h>
| #endif
| #ifdef HAVE_STRINGS_H
| # include <strings.h>
| #endif
| #ifdef HAVE_INTTYPES_H
| # include <inttypes.h>
| #endif
| #ifdef HAVE_STDINT_H
| # include <stdint.h>
| #endif
| #ifdef HAVE_UNISTD_H
| # include <unistd.h>
| #endif
| 
| #include <dlfcn.h>
configure:7926: result: no
configure:8152: checking for objdir
configure:8167: result: .libs
configure:8427: checking if gcc supports -fno-rtti -fno-exceptions
configure:8445: gcc -c -g -O2  -fno-rtti -fno-exceptions conftest.c >&5
cc1.exe: warning: command line option '-fno-rtti' is valid for C++/ObjC++ but not for C [enabled by default]
configure:8449: $? = 0
configure:8462: result: no
configure:8826: checking for gcc option to produce PIC
configure:8833: result: -DDLL_EXPORT -DPIC
configure:8841: checking if gcc PIC flag -DDLL_EXPORT -DPIC works
configure:8859: gcc -c -g -O2  -DDLL_EXPORT -DPIC -DPIC conftest.c >&5
configure:8863: $? = 0
configure:8876: result: yes
configure:8905: checking if gcc static flag -static works
configure:8933: result: yes
configure:8948: checking if gcc supports -c -o file.o
configure:8969: gcc -c -g -O2  -o out/conftest2.o conftest.c >&5
configure:8973: $? = 0
configure:8995: result: yes
configure:9003: checking if gcc supports -c -o file.o
configure:9050: result: yes
configure:9083: checking whether the gcc linker (C:/msys64/mingw64/x86_64-w64-mingw32/bin/ld.exe) supports shared libraries
configure:10346: result: yes
configure:10586: checking dynamic linker characteristics
configure:11416: result: Win32 ld.exe
configure:11538: checking how to hardcode library paths into programs
configure:11563: result: immediate
configure:12111: checking whether stripping libraries is possible
configure:12116: result: yes
configure:12151: checking if libtool supports shared libraries
configure:12153: result: yes
configure:12156: checking whether to build shared libraries
configure:12181: result: no
configure:12184: checking whether to build static libraries
configure:12188: result: yes
configure:12273: checking for gcc
configure:12300: result: gcc
configure:12529: checking for C compiler version
configure:12538: gcc --version >&5
gcc.exe (x86_64-posix-seh-rev4, Built by MinGW-W64 project) 4.8.2
Copyright (C) 2013 Free Software Foundation, Inc.
This is free software; see the source for copying conditions.  There is NO
warranty; not even for MERCHANTABILITY or FITNESS FOR A PARTICULAR PURPOSE.

configure:12549: $? = 0
configure:12538: gcc -v >&5
Using built-in specs.
COLLECT_GCC=C:\msys64\mingw64\bin\gcc.exe
COLLECT_LTO_WRAPPER=C:/msys64/mingw64/bin/../libexec/gcc/x86_64-w64-mingw32/4.8.2/lto-wrapper.exe
Target: x86_64-w64-mingw32
Configured with: ../../../src/gcc-4.8.2/configure --host=x86_64-w64-mingw32 --build=x86_64-w64-mingw32 --target=x86_64-w64-mingw32 --prefix=/mingw64 --with-sysroot=/c/mingw482/x86_64-482-posix-seh-rt_v3-rev4/mingw64 --with-gxx-include-dir=/mingw64/x86_64-w64-mingw32/include/c++ --enable-shared --enable-static --disable-multilib --enable-languages=ada,c,c++,fortran,objc,obj-c++,lto --enable-libstdcxx-time=yes --enable-threads=posix --enable-libgomp --enable-libatomic --enable-lto --enable-graphite --enable-checking=release --enable-fully-dynamic-string --enable-version-specific-runtime-libs --disable-isl-version-check --disable-cloog-version-check --disable-libstdcxx-pch --disable-libstdcxx-debug --enable-bootstrap --disable-rpath --disable-win32-registry --disable-nls --disable-werror --disable-symvers --with-gnu-as --with-gnu-ld --with-arch=nocona --with-tune=core2 --with-libiconv --with-system-zlib --with-gmp=/c/mingw482/prerequisites/x86_64-w64-mingw32-static --with-mpfr=/c/mingw482/prerequisites/x86_64-w64-mingw32-static --with-mpc=/c/mingw482/prerequisites/x86_64-w64-mingw32-static --with-isl=/c/mingw482/prerequisites/x86_64-w64-mingw32-static --with-cloog=/c/mingw482/prerequisites/x86_64-w64-mingw32-static --enable-cloog-backend=isl --with-pkgversion='x86_64-posix-seh-rev4, Built by MinGW-W64 project' --with-bugurl=http://sourceforge.net/projects/mingw-w64 CFLAGS='-O2 -pipe -I/c/mingw482/x86_64-482-posix-seh-rt_v3-rev4/mingw64/opt/include -I/c/mingw482/prerequisites/x86_64-zlib-static/include -I/c/mingw482/prerequisites/x86_64-w64-mingw32-static/include' CXXFLAGS='-O2 -pipe -I/c/mingw482/x86_64-482-posix-seh-rt_v3-rev4/mingw64/opt/include -I/c/mingw482/prerequisites/x86_64-zlib-static/include -I/c/mingw482/prerequisites/x86_64-w64-mingw32-static/include' CPPFLAGS= LDFLAGS='-pipe -L/c/mingw482/x86_64-482-posix-seh-rt_v3-rev4/mingw64/opt/lib -L/c/mingw482/prerequisites/x86_64-zlib-static/lib -L/c/mingw482/prerequisites/x86_64-w64-mingw32-static/lib '
Thread model: posix
gcc version 4.8.2 (x86_64-posix-seh-rev4, Built by MinGW-W64 project) 
configure:12549: $? = 0
configure:12538: gcc -V >&5
gcc.exe: error: unrecognized command line option '-V'
gcc.exe: fatal error: no input files
compilation terminated.
configure:12549: $? = 1
configure:12538: gcc -qversion >&5
gcc.exe: error: unrecognized command line option '-qversion'
gcc.exe: fatal error: no input files
compilation terminated.
configure:12549: $? = 1
configure:12553: checking whether we are using the GNU C compiler
configure:12581: result: yes
configure:12590: checking whether gcc accepts -g
configure:12651: result: yes
configure:12668: checking for gcc option to accept ISO C89
configure:12744: result: none needed
configure:12769: checking whether gcc understands -c and -o together
configure:12806: result: yes
configure:12825: checking dependency style of gcc
configure:12936: result: gcc3
configure:13008: checking for pkg-config
configure:13041: result: no
configure:13093: checking for strdup
configure:13093: gcc -o conftest.exe -g -O2   conftest.c  >&5
conftest.c:49:6: warning: conflicting types for built-in function 'strdup' [enabled by default]
 char strdup ();
      ^
configure:13093: $? = 0
configure:13093: result: yes
configure:13112: checking for pthread_mutex_init in -lpthread
configure:13137: gcc -o conftest.exe -g -O2   conftest.c -lpthread   >&5
configure:13137: $? = 0
configure:13146: result: yes
configure:14521: checking that generated files are newer than configure
configure:14527: result: done
configure:14578: creating ./config.status

## ---------------------- ##
## Running config.status. ##
## ---------------------- ##

This file was extended by QRencode config.status 4.1.1, which was
generated by GNU Autoconf 2.69.  Invocation command line was

  CONFIG_FILES    = 
  CONFIG_HEADERS  = 
  CONFIG_LINKS    = 
  CONFIG_COMMANDS = 
  $ ./config.status 

on DESKTOP-O7AGAIP

config.status:1135: creating Makefile
config.status:1135: creating libqrencode.pc
config.status:1135: creating tests/Makefile
config.status:1135: creating qrencode.1
config.status:1135: creating config.h
config.status:1364: executing depfiles commands
config.status:1441: cd .       && sed -e '/# am--include-marker/d' Makefile         | mingw32-make -f - am--depfiles
config.status:1446: $? = 0
config.status:1441: cd tests       && sed -e '/# am--include-marker/d' Makefile         | mingw32-make -f - am--depfiles
config.status:1446: $? = 0
config.status:1364: executing libtool commands

## ---------------- ##
## Cache variables. ##
## ---------------- ##

ac_cv_build=x86_64-w64-mingw32
ac_cv_c_compiler_gnu=yes
ac_cv_c_const=yes
ac_cv_c_inline=inline
ac_cv_env_CC_set=
ac_cv_env_CC_value=
ac_cv_env_CFLAGS_set=
ac_cv_env_CFLAGS_value=
ac_cv_env_CPPFLAGS_set=
ac_cv_env_CPPFLAGS_value=
ac_cv_env_CPP_set=
ac_cv_env_CPP_value=
ac_cv_env_LDFLAGS_set=
ac_cv_env_LDFLAGS_value=
ac_cv_env_LIBS_set=
ac_cv_env_LIBS_value=
ac_cv_env_LT_SYS_LIBRARY_PATH_set=
ac_cv_env_LT_SYS_LIBRARY_PATH_value=
ac_cv_env_PKG_CONFIG_LIBDIR_set=
ac_cv_env_PKG_CONFIG_LIBDIR_value=
ac_cv_env_PKG_CONFIG_PATH_set=set
ac_cv_env_PKG_CONFIG_PATH_value=/mingw64/lib/pkgconfig:/mingw64/share/pkgconfig
ac_cv_env_PKG_CONFIG_set=
ac_cv_env_PKG_CONFIG_value=
ac_cv_env_SDL_CFLAGS_set=
ac_cv_env_SDL_CFLAGS_value=
ac_cv_env_SDL_LIBS_set=
ac_cv_env_SDL_LIBS_value=
ac_cv_env_build_alias_set=
ac_cv_env_build_alias_value=
ac_cv_env_host_alias_set=
ac_cv_env_host_alias_value=
ac_cv_env_png_CFLAGS_set=
ac_cv_env_png_CFLAGS_value=
ac_cv_env_png_LIBS_set=
ac_cv_env_png_LIBS_value=
ac_cv_env_target_alias_set=
ac_cv_env_target_alias_value=
ac_cv_exeext=.exe
ac_cv_func_strdup=yes
ac_cv_header_dlfcn_h=no
ac_cv_header_inttypes_h=yes
ac_cv_header_memory_h=yes
ac_cv_header_stdc=yes
ac_cv_header_stdint_h=yes
ac_cv_header_stdlib_h=yes
ac_cv_header_string_h=yes
ac_cv_header_strings_h=yes
ac_cv_header_sys_stat_h=yes
ac_cv_header_sys_time_h=yes
ac_cv_header_sys_types_h=yes
ac_cv_header_unistd_h=yes
ac_cv_host=x86_64-w64-mingw32
ac_cv_lib_pthread_pthread_mutex_init=yes
ac_cv_objext=o
ac_cv_path_EGREP='/usr/bin/grep -E'
ac_cv_path_FGREP='/usr/bin/grep -F'
ac_cv_path_GREP=/usr/bin/grep
ac_cv_path_SED=/usr/bin/sed
ac_cv_path_install='/usr/bin/install -c'
ac_cv_path_mkdir=/usr/bin/mkdir
ac_cv_prog_AWK=gawk
ac_cv_prog_CPP='gcc -E'
ac_cv_prog_ac_ct_AR=ar
ac_cv_prog_ac_ct_CC=gcc
ac_cv_prog_ac_ct_DLLTOOL=dlltool
ac_cv_prog_ac_ct_OBJDUMP=objdump
ac_cv_prog_ac_ct_RANLIB=ranlib
ac_cv_prog_ac_ct_STRIP=strip
ac_cv_prog_cc_c89=
ac_cv_prog_cc_g=yes
ac_cv_prog_make_mingw32_make_set=yes
ac_cv_target=x86_64-w64-mingw32
am_cv_CC_dependencies_compiler_type=gcc3
am_cv_make_support_nested_variables=yes
am_cv_prog_cc_c_o=yes
lt_cv_ar_at_file=@
lt_cv_deplibs_check_method='file_magic ^x86 archive import|^x86 DLL'
lt_cv_file_magic_cmd=func_win32_libid
lt_cv_file_magic_test_file=
lt_cv_ld_reload_flag=-r
lt_cv_nm_interface='BSD nm'
lt_cv_objdir=.libs
lt_cv_path_LD=C:/msys64/mingw64/x86_64-w64-mingw32/bin/ld.exe
lt_cv_path_NM='/mingw64/bin/nm -B'
lt_cv_path_mainfest_tool=no
lt_cv_prog_compiler_c_o=yes
lt_cv_prog_compiler_pic='-DDLL_EXPORT -DPIC'
lt_cv_prog_compiler_pic_works=yes
lt_cv_prog_compiler_rtti_exceptions=no
lt_cv_prog_compiler_static_works=yes
lt_cv_prog_gnu_ld=yes
lt_cv_sharedlib_from_linklib_cmd=func_cygming_dll_for_implib
lt_cv_sys_global_symbol_pipe='sed -n -e '\''s/^.*[	 ]\([ABCDGIRSTW][ABCDGIRSTW]*\)[	 ][	 ]*\([_A-Za-z][_A-Za-z0-9]*\)\{0,1\}$/\1 \2 \2/p'\'' | sed '\''/ __gnu_lto/d'\'''
lt_cv_sys_global_symbol_to_c_name_address='sed -n -e '\''s/^: \(.*\) .*$/  {"\1", (void *) 0},/p'\'' -e '\''s/^[ABCDGIRSTW][ABCDGIRSTW]* .* \(.*\)$/  {"\1", (void *) \&\1},/p'\'''
lt_cv_sys_global_symbol_to_c_name_address_lib_prefix='sed -n -e '\''s/^: \(.*\) .*$/  {"\1", (void *) 0},/p'\'' -e '\''s/^[ABCDGIRSTW][ABCDGIRSTW]* .* \(lib.*\)$/  {"\1", (void *) \&\1},/p'\'' -e '\''s/^[ABCDGIRSTW][ABCDGIRSTW]* .* \(.*\)$/  {"lib\1", (void *) \&\1},/p'\'''
lt_cv_sys_global_symbol_to_cdecl='sed -n -e '\''s/^T .* \(.*\)$/extern int \1();/p'\'' -e '\''s/^[ABCDGIRSTW][ABCDGIRSTW]* .* \(.*\)$/extern char \1;/p'\'''
lt_cv_sys_global_symbol_to_import=
lt_cv_sys_max_cmd_len=8192
lt_cv_to_host_file_cmd=func_convert_file_msys_to_w32
lt_cv_to_tool_file_cmd=func_convert_file_msys_to_w32
lt_cv_truncate_bin='/usr/bin/sed -e 4q'

## ----------------- ##
## Output variables. ##
## ----------------- ##

ACLOCAL='${SHELL} /c/deps/qrencode-4.1.1/use/missing aclocal-1.16'
AMDEPBACKSLASH='\'
AMDEP_FALSE='#'
AMDEP_TRUE=''
AMTAR='$${TAR-tar}'
AM_BACKSLASH='\'
AM_DEFAULT_V='$(AM_DEFAULT_VERBOSITY)'
AM_DEFAULT_VERBOSITY='1'
AM_V='$(V)'
AR='ar'
AUTOCONF='${SHELL} /c/deps/qrencode-4.1.1/use/missing autoconf'
AUTOHEADER='${SHELL} /c/deps/qrencode-4.1.1/use/missing autoheader'
AUTOMAKE='${SHELL} /c/deps/qrencode-4.1.1/use/missing automake-1.16'
AWK='gawk'
BUILD_TESTS_FALSE=''
BUILD_TESTS_TRUE='#'
BUILD_TOOLS_FALSE=''
BUILD_TOOLS_TRUE='#'
CC='gcc'
CCDEPMODE='depmode=gcc3'
CFLAGS='-Wall -g -O2 -pthread'
CPP='gcc -E'
CPPFLAGS=''
CYGPATH_W='cygpath -w'
DEFS='-DHAVE_CONFIG_H'
DEPDIR='.deps'
DLLTOOL='dlltool'
DSYMUTIL=''
DUMPBIN=''
ECHO_C=''
ECHO_N='-n'
ECHO_T=''
EGREP='/usr/bin/grep -E'
EXEEXT='.exe'
FGREP='/usr/bin/grep -F'
GREP='/usr/bin/grep'
HAVE_LIBPTHREAD_FALSE='#'
HAVE_LIBPTHREAD_TRUE=''
HAVE_PNG_FALSE=''
HAVE_PNG_TRUE='#'
HAVE_SDL_FALSE=''
HAVE_SDL_TRUE='#'
INSTALL_DATA='${INSTALL} -m 644'
INSTALL_PROGRAM='${INSTALL}'
INSTALL_SCRIPT='${INSTALL}'
INSTALL_STRIP_PROGRAM='$(install_sh) -c -s'
LD='C:/msys64/mingw64/x86_64-w64-mingw32/bin/ld.exe'
LDFLAGS=''
LIBICONV=''
LIBOBJS=''
LIBPTHREAD='-lpthread'
LIBS=''
LIBTOOL='$(SHELL) $(top_builddir)/libtool'
LIPO=''
LN_S='cp -pR'
LTLIBICONV=''
LTLIBOBJS=''
LT_SYS_LIBRARY_PATH=''
MAJOR_VERSION='4'
MAKEINFO='${SHELL} /c/deps/qrencode-4.1.1/use/missing makeinfo'
MANIFEST_TOOL=':'
MICRO_VERSION='1'
MINGW_FALSE='#'
MINGW_TRUE=''
MINOR_VERSION='1'
MKDIR_P='/usr/bin/mkdir -p'
NM='/mingw64/bin/nm -B'
NMEDIT=''
OBJDUMP='objdump'
OBJEXT='o'
OTOOL64=''
OTOOL=''
PACKAGE='qrencode'
PACKAGE_BUGREPORT=''
PACKAGE_NAME='QRencode'
PACKAGE_STRING='QRencode 4.1.1'
PACKAGE_TARNAME='qrencode'
PACKAGE_URL=''
PACKAGE_VERSION='4.1.1'
PATH_SEPARATOR=':'
PKG_CONFIG=''
PKG_CONFIG_LIBDIR=''
PKG_CONFIG_PATH='/mingw64/lib/pkgconfig:/mingw64/share/pkgconfig'
RANLIB='ranlib'
SDL_CFLAGS=''
SDL_LIBS=''
SED='/usr/bin/sed'
SET_MAKE=''
SHELL='/bin/sh'
STRIP='strip'
VERSION='4.1.1'
ac_ct_AR='ar'
ac_ct_CC='gcc'
ac_ct_DUMPBIN=''
am__EXEEXT_FALSE='#'
am__EXEEXT_TRUE=''
am__fastdepCC_FALSE='#'
am__fastdepCC_TRUE=''
am__include='include'
am__isrc=''
am__leading_dot='.'
am__nodep='_no'
am__quote=''
am__tar='$${TAR-tar} chof - "$$tardir"'
am__untar='$${TAR-tar} xf -'
bindir='${exec_prefix}/bin'
build='x86_64-w64-mingw32'
build_alias='x86_64-w64-mingw32'
build_cpu='x86_64'
build_os='mingw32'
build_vendor='w64'
datadir='${datarootdir}'
datarootdir='${prefix}/share'
docdir='${datarootdir}/doc/${PACKAGE_TARNAME}'
dvidir='${docdir}'
exec_prefix='${prefix}'
host='x86_64-w64-mingw32'
host_alias=''
host_cpu='x86_64'
host_os='mingw32'
host_vendor='w64'
htmldir='${docdir}'
includedir='${prefix}/include'
infodir='${datarootdir}/info'
install_sh='${SHELL} /c/deps/qrencode-4.1.1/use/install-sh'
libdir='${exec_prefix}/lib'
libexecdir='${exec_prefix}/libexec'
localedir='${datarootdir}/locale'
localstatedir='${prefix}/var'
mandir='${datarootdir}/man'
mkdir_p='$(MKDIR_P)'
oldincludedir='/usr/include'
pdfdir='${docdir}'
png_CFLAGS=''
png_LIBS=''
prefix='/mingw64'
program_transform_name='s,x,x,'
psdir='${docdir}'
runstatedir='${localstatedir}/run'
sbindir='${exec_prefix}/sbin'
sharedstatedir='${prefix}/com'
sysconfdir='${prefix}/etc'
target='x86_64-w64-mingw32'
target_alias=''
target_cpu='x86_64'
target_os='mingw32'
target_vendor='w64'

## ----------- ##
## confdefs.h. ##
## ----------- ##

/* confdefs.h */
#define PACKAGE_NAME "QRencode"
#define PACKAGE_TARNAME "qrencode"
#define PACKAGE_VERSION "4.1.1"
#define PACKAGE_STRING "QRencode 4.1.1"
#define PACKAGE_BUGREPORT ""
#define PACKAGE_URL ""
#define MAJOR_VERSION 4
#define MINOR_VERSION 1
#define MICRO_VERSION 1
#define PACKAGE "qrencode"
#define VERSION "4.1.1"
#define STDC_HEADERS 1
#define HAVE_SYS_TYPES_H 1
#define HAVE_SYS_STAT_H 1
#define HAVE_STDLIB_H 1
#define HAVE_STRING_H 1
#define HAVE_MEMORY_H 1
#define HAVE_STRINGS_H 1
#define HAVE_INTTYPES_H 1
#define HAVE_STDINT_H 1
#define HAVE_UNISTD_H 1
#define HAVE_SYS_TIME_H 1
#define LT_OBJDIR ".libs/"
#define HAVE_STRDUP 1
#define HAVE_LIBPTHREAD 1
#define STATIC_IN_RELEASE static
/* #undef WITH_TESTS */

configure: exit 0
