...found 9 targets...
...updating 4 targets...
common.mkdir libs\config\checks\architecture\bin
common.mkdir libs\config\checks\architecture\bin\gcc-mingw-4.8.2
common.mkdir libs\config\checks\architecture\bin\gcc-mingw-4.8.2\debug
gcc.compile.c++ libs\config\checks\architecture\bin\gcc-mingw-4.8.2\debug\32.o
libs\config\checks\architecture\32.cpp:9:36: error: size of array 'test' is negative
 int test[sizeof(void*) == 4? 1 : -1];
                                    ^

    "g++"  -ftemplate-depth-128 -O0 -fno-inline -Wall -g     -c -o "libs\config\checks\architecture\bin\gcc-mingw-4.8.2\debug\32.o" "libs\config\checks\architecture\32.cpp"

...failed gcc.compile.c++ libs\config\checks\architecture\bin\gcc-mingw-4.8.2\debug\32.o...
...failed updating 1 target...
...updated 3 targets...
...found 2 targets...
...updating 1 target...
gcc.compile.c++ libs\config\checks\architecture\bin\gcc-mingw-4.8.2\debug\64.o
...updated 1 target...
...found 2 targets...
...updating 1 target...
gcc.compile.c++ libs\config\checks\architecture\bin\gcc-mingw-4.8.2\debug\arm.o
libs\config\checks\architecture\arm.cpp:12:2: error: #error "Not ARM"
 #error "Not ARM"
  ^

    "g++"  -ftemplate-depth-128 -O0 -fno-inline -Wall -g     -c -o "libs\config\checks\architecture\bin\gcc-mingw-4.8.2\debug\arm.o" "libs\config\checks\architecture\arm.cpp"

...failed gcc.compile.c++ libs\config\checks\architecture\bin\gcc-mingw-4.8.2\debug\arm.o...
...failed updating 1 target...
...found 2 targets...
...updating 1 target...
gcc.compile.c++ libs\config\checks\architecture\bin\gcc-mingw-4.8.2\debug\mips1.o
libs\config\checks\architecture\mips1.cpp:10:2: error: #error "Not MIPS1"
 #error "Not MIPS1"
  ^

    "g++"  -ftemplate-depth-128 -O0 -fno-inline -Wall -g     -c -o "libs\config\checks\architecture\bin\gcc-mingw-4.8.2\debug\mips1.o" "libs\config\checks\architecture\mips1.cpp"

...failed gcc.compile.c++ libs\config\checks\architecture\bin\gcc-mingw-4.8.2\debug\mips1.o...
...failed updating 1 target...
...found 2 targets...
...updating 1 target...
gcc.compile.c++ libs\config\checks\architecture\bin\gcc-mingw-4.8.2\debug\power.o
libs\config\checks\architecture\power.cpp:13:2: error: #error "Not PPC"
 #error "Not PPC"
  ^

    "g++"  -ftemplate-depth-128 -O0 -fno-inline -Wall -g     -c -o "libs\config\checks\architecture\bin\gcc-mingw-4.8.2\debug\power.o" "libs\config\checks\architecture\power.cpp"

...failed gcc.compile.c++ libs\config\checks\architecture\bin\gcc-mingw-4.8.2\debug\power.o...
...failed updating 1 target...
...found 2 targets...
...updating 1 target...
gcc.compile.c++ libs\config\checks\architecture\bin\gcc-mingw-4.8.2\debug\sparc.o
libs\config\checks\architecture\sparc.cpp:10:2: error: #error "Not SPARC"
 #error "Not SPARC"
  ^

    "g++"  -ftemplate-depth-128 -O0 -fno-inline -Wall -g     -c -o "libs\config\checks\architecture\bin\gcc-mingw-4.8.2\debug\sparc.o" "libs\config\checks\architecture\sparc.cpp"

...failed gcc.compile.c++ libs\config\checks\architecture\bin\gcc-mingw-4.8.2\debug\sparc.o...
...failed updating 1 target...
...found 2 targets...
...updating 1 target...
gcc.compile.c++ libs\config\checks\architecture\bin\gcc-mingw-4.8.2\debug\x86.o
...updated 1 target...
...found 1 target...
...updating 1 target...
config-cache.write bin.v2\project-cache.jam
...updated 1 target...
